{"meta": {"format": 3, "version": "7.10.7", "timestamp": "2026-06-17T14:12:15.345350", "branch_coverage": false, "show_contexts": false}, "files": {"app/agent/analyzer.py": {"executed_lines": [1, 4, 5, 6, 9, 10, 12, 23, 24, 27, 33, 43, 44, 45, 46, 52, 53, 54, 56, 62, 72, 73, 77, 79, 80, 81, 82, 84, 85, 87, 89, 99, 101, 103, 104, 105, 107, 109, 112, 114, 132, 134, 135, 137, 138, 140, 144, 145, 146, 149, 150, 154, 156, 166, 169, 180, 181, 182, 185, 192, 193, 194, 196], "summary": {"covered_lines": 61, "num_statements": 68, "percent_covered": 89.70588235294117, "percent_covered_display": "90", "missing_lines": 7, "excluded_lines": 0}, "missing_lines": [74, 75, 106, 108, 110, 151, 152], "excluded_lines": [], "functions": {"CodeAnalyzer.analyze": {"executed_lines": [23, 24, 27], "summary": {"covered_lines": 3, "num_statements": 3, "percent_covered": 100.0, "percent_covered_display": "100", "missing_lines": 0, "excluded_lines": 0}, "missing_lines": [], "excluded_lines": []}, "CodeAnalyzer._analyze_python": {"executed_lines": [43, 44, 45, 46, 52, 53, 54, 56], "summary": {"covered_lines": 8, "num_statements": 8, "percent_covered": 100.0, "percent_covered_display": "100", "missing_lines": 0, "excluded_lines": 0}, "missing_lines": [], "excluded_lines": []}, "CodeAnalyzer.calculate_complexity": {"executed_lines": [72, 73, 77, 79, 80, 81, 82, 84, 85, 87], "summary": {"covered_lines": 10, "num_statements": 12, "percent_covered": 83.33333333333333, "percent_covered_display": "83", "missing_lines": 2, "excluded_lines": 0}, "missing_lines": [74, 75], "excluded_lines": []}, "CodeAnalyzer._calculate_function_complexity": {"executed_lines": [99, 101, 103, 104, 105, 107, 109, 112], "summary": {"covered_lines": 8, "num_statements": 11, "percent_covered": 72.72727272727273, "percent_covered_display": "73", "missing_lines": 3, "excluded_lines": 0}, "missing_lines": [106, 108, 110], "excluded_lines": []}, "CodeAnalyzer.calculate_maintainability": {"executed_lines": [132, 134, 135, 137, 138, 140, 144, 145, 146, 149, 150, 154], "summary": {"covered_lines": 12, "num_statements": 14, "percent_covered": 85.71428571428571, "percent_covered_display": "86", "missing_lines": 2, "excluded_lines": 0}, "missing_lines": [151, 152], "excluded_lines": []}, "CodeAnalyzer.detect_security_issues": {"executed_lines": [166, 169, 180, 181, 182, 185, 192, 193, 194, 196], "summary": {"covered_lines": 10, "num_statements": 10, "percent_covered": 100.0, "percent_covered_display": "100", "missing_lines": 0, "excluded_lines": 0}, "missing_lines": [], "excluded_lines": []}, "": {"executed_lines": [1, 4, 5, 6, 9, 10, 12, 33, 62, 89, 114, 156], "summary": {"covered_lines": 10, "num_statements": 10, "percent_covered": 100.0, "percent_covered_display": "100", "missing_lines": 0, "excluded_lines": 0}, "missing_lines": [], "excluded_lines": []}}, "classes": {"CodeAnalyzer": {"executed_lines": [23, 24, 27, 43, 44, 45, 46, 52, 53, 54, 56, 72, 73, 77, 79, 80, 81, 82, 84, 85, 87, 99, 101, 103, 104, 105, 107, 109, 112, 132, 134, 135, 137, 138, 140, 144, 145, 146, 149, 150, 154, 166, 169, 180, 181, 182, 185, 192, 193, 194, 196], "summary": {"covered_lines": 51, "num_statements": 58, "percent_covered": 87.93103448275862, "percent_covered_display": "88", "missing_lines": 7, "excluded_lines": 0}, "missing_lines": [74, 75, 106, 108, 110, 151, 152], "excluded_lines": []}, "": {"executed_lines": [1, 4, 5, 6, 9, 10, 12, 33, 62, 89, 114, 156], "summary": {"covered_lines": 10, "num_statements": 10, "percent_covered": 100.0, "percent_covered_display": "100", "missing_lines": 0, "excluded_lines": 0}, "missing_lines": [], "excluded_lines": []}}}, "app/agent/config.py": {"executed_lines": [1, 4, 5, 8, 9, 12, 15, 16, 19, 20, 21, 24, 27, 30, 34], "summary": {"covered_lines": 13, "num_statements": 13, "percent_covered": 100.0, "percent_covered_display": "100", "missing_lines": 0, "excluded_lines": 0}, "missing_lines": [], "excluded_lines": [], "functions": {"": {"executed_lines": [1, 4, 5, 8, 9, 12, 15, 16, 19, 20, 21, 24, 27, 30, 34], "summary": {"covered_lines": 13, "num_statements": 13, "percent_covered": 100.0, "percent_covered_display": "100", "missing_lines": 0, "excluded_lines": 0}, "missing_lines": [], "excluded_lines": []}}, "classes": {"AgentConfig": {"executed_lines": [], "summary": {"covered_lines": 0, "num_statements": 0, "percent_covered": 100.0, "percent_covered_display": "100", "missing_lines": 0, "excluded_lines": 0}, "missing_lines": [], "excluded_lines": []}, "": {"executed_lines": [1, 4, 5, 8, 9, 12, 15, 16, 19, 20, 21, 24, 27, 30, 34], "summary": {"covered_lines": 13, "num_statements": 13, "percent_covered": 100.0, "percent_covered_display": "100", "missing_lines": 0, "excluded_lines": 0}, "missing_lines": [], "excluded_lines": []}}}, "app/agent/executor.py": {"executed_lines": [1, 4, 5, 6, 8, 9, 10, 11, 12, 13, 14, 15, 16, 17, 18, 21, 22, 24, 31, 32, 33, 34, 35, 36, 37, 39, 51, 57, 58, 59, 61, 63, 64, 67, 70, 73, 76, 77, 78, 79, 82, 83, 85, 87, 89, 90, 91, 92, 94, 95, 97, 99, 110, 113, 115, 117, 127, 141, 143, 155, 158, 166, 167, 168, 170, 172, 189, 192, 195, 201, 202, 203, 205], "summary": {"covered_lines": 71, "num_statements": 71, "percent_covered": 100.0, "percent_covered_display": "100", "missing_lines": 0, "excluded_lines": 0}, "missing_lines": [], "excluded_lines": [], "functions": {"AgentExecutor.__init__": {"executed_lines": [31, 32, 33, 34, 35, 36, 37], "summary": {"covered_lines": 7, "num_statements": 7, "percent_covered": 100.0, "percent_covered_display": "100", "missing_lines": 0, "excluded_lines": 0}, "missing_lines": [], "excluded_lines": []}, "AgentExecutor.execute_task": {"executed_lines": [51, 57, 58, 59, 61, 63, 64, 67, 70, 73, 76, 77, 78, 79, 82, 83, 85, 87, 89, 90, 91, 92, 94, 95, 97], "summary": {"covered_lines": 25, "num_statements": 25, "percent_covered": 100.0, "percent_covered_display": "100", "missing_lines": 0, "excluded_lines": 0}, "missing_lines": [], "excluded_lines": []}, "AgentExecutor.generate_code": {"executed_lines": [110, 113, 115], "summary": {"covered_lines": 3, "num_statements": 3, "percent_covered": 100.0, "percent_covered_display": "100", "missing_lines": 0, "excluded_lines": 0}, "missing_lines": [], "excluded_lines": []}, "AgentExecutor._build_prompt": {"executed_lines": [127, 141], "summary": {"covered_lines": 2, "num_statements": 2, "percent_covered": 100.0, "percent_covered_display": "100", "missing_lines": 0, "excluded_lines": 0}, "missing_lines": [], "excluded_lines": []}, "AgentExecutor.analyze_quality": {"executed_lines": [155, 158, 166, 167, 168, 170], "summary": {"covered_lines": 6, "num_statements": 6, "percent_covered": 100.0, "percent_covered_display": "100", "missing_lines": 0, "excluded_lines": 0}, "missing_lines": [], "excluded_lines": []}, "AgentExecutor.save_code_version": {"executed_lines": [189, 192, 195, 201, 202, 203, 205], "summary": {"covered_lines": 7, "num_statements": 7, "percent_covered": 100.0, "percent_covered_display": "100", "missing_lines": 0, "excluded_lines": 0}, "missing_lines": [], "excluded_lines": []}, "": {"executed_lines": [1, 4, 5, 6, 8, 9, 10, 11, 12, 13, 14, 15, 16, 17, 18, 21, 22, 24, 39, 99, 117, 143, 172], "summary": {"covered_lines": 21, "num_statements": 21, "percent_covered": 100.0, "percent_covered_display": "100", "missing_lines": 0, "excluded_lines": 0}, "missing_lines": [], "excluded_lines": []}}, "classes": {"AgentExecutor": {"executed_lines": [31, 32, 33, 34, 35, 36, 37, 51, 57, 58, 59, 61, 63, 64, 67, 70, 73, 76, 77, 78, 79, 82, 83, 85, 87, 89, 90, 91, 92, 94, 95, 97, 110, 113, 115, 127, 141, 155, 158, 166, 167, 168, 170, 189, 192, 195, 201, 202, 203, 205], "summary": {"covered_lines": 50, "num_statements": 50, "percent_covered": 100.0, "percent_covered_display": "100", "missing_lines": 0, "excluded_lines": 0}, "missing_lines": [], "excluded_lines": []}, "": {"executed_lines": [1, 4, 5, 6, 8, 9, 10, 11, 12, 13, 14, 15, 16, 17, 18, 21, 22, 24, 39, 99, 117, 143, 172], "summary": {"covered_lines": 21, "num_statements": 21, "percent_covered": 100.0, "percent_covered_display": "100", "missing_lines": 0, "excluded_lines": 0}, "missing_lines": [], "excluded_lines": []}}}, "app/agent/llm_client.py": {"executed_lines": [1, 5, 6, 8, 11, 12, 14, 21, 22, 23, 25, 33, 50, 51, 53, 54, 69, 80, 81, 93, 94, 107, 116, 127, 129, 130, 131, 132, 134, 142, 144, 155, 158, 164, 165, 167, 190], "summary": {"covered_lines": 33, "num_statements": 47, "percent_covered": 70.2127659574468, "percent_covered_display": "70", "missing_lines": 14, "excluded_lines": 2}, "missing_lines": [26, 27, 28, 29, 30, 31, 57, 67, 135, 136, 137, 138, 139, 140], "excluded_lines": [81, 94], "functions": {"LLMClient.__init__": {"executed_lines": [21, 22, 23, 25], "summary": {"covered_lines": 4, "num_statements": 10, "percent_covered": 40.0, "percent_covered_display": "40", "missing_lines": 6, "excluded_lines": 0}, "missing_lines": [26, 27, 28, 29, 30, 31], "excluded_lines": []}, "LLMClient.generate": {"executed_lines": [50, 51, 53, 54], "summary": {"covered_lines": 4, "num_statements": 6, "percent_covered": 66.66666666666667, "percent_covered_display": "67", "missing_lines": 2, "excluded_lines": 0}, "missing_lines": [57, 67], "excluded_lines": []}, "LLMClient._generate_mock": {"executed_lines": [80, 81, 93, 94, 107], "summary": {"covered_lines": 3, "num_statements": 3, "percent_covered": 100.0, "percent_covered_display": "100", "missing_lines": 0, "excluded_lines": 2}, "missing_lines": [], "excluded_lines": [81, 94]}, "LLMClient.count_tokens": {"executed_lines": [127, 129, 130, 131, 132, 134, 142], "summary": {"covered_lines": 7, "num_statements": 13, "percent_covered": 53.84615384615385, "percent_covered_display": "54", "missing_lines": 6, "excluded_lines": 0}, "missing_lines": [135, 136, 137, 138, 139, 140], "excluded_lines": []}, "LLMClient.calculate_cost": {"executed_lines": [155, 158, 164, 165], "summary": {"covered_lines": 4, "num_statements": 4, "percent_covered": 100.0, "percent_covered_display": "100", "missing_lines": 0, "excluded_lines": 0}, "missing_lines": [], "excluded_lines": []}, "LLMClient.log_call": {"executed_lines": [190], "summary": {"covered_lines": 1, "num_statements": 1, "percent_covered": 100.0, "percent_covered_display": "100", "missing_lines": 0, "excluded_lines": 0}, "missing_lines": [], "excluded_lines": []}, "": {"executed_lines": [1, 5, 6, 8, 11, 12, 14, 33, 69, 116, 144, 167], "summary": {"covered_lines": 10, "num_statements": 10, "percent_covered": 100.0, "percent_covered_display": "100", "missing_lines": 0, "excluded_lines": 0}, "missing_lines": [], "excluded_lines": []}}, "classes": {"LLMClient": {"executed_lines": [21, 22, 23, 25, 50, 51, 53, 54, 80, 81, 93, 94, 107, 127, 129, 130, 131, 132, 134, 142, 155, 158, 164, 165, 190], "summary": {"covered_lines": 23, "num_statements": 37, "percent_covered": 62.16216216216216, "percent_covered_display": "62", "missing_lines": 14, "excluded_lines": 2}, "missing_lines": [26, 27, 28, 29, 30, 31, 57, 67, 135, 136, 137, 138, 139, 140], "excluded_lines": [81, 94]}, "": {"executed_lines": [1, 5, 6, 8, 11, 12, 14, 33, 69, 116, 144, 167], "summary": {"covered_lines": 10, "num_statements": 10, "percent_covered": 100.0, "percent_covered_display": "100", "missing_lines": 0, "excluded_lines": 0}, "missing_lines": [], "excluded_lines": []}}}, "app/agent/scheduler.py": {"executed_lines": [1, 4, 5, 6, 7, 9, 10, 13, 14, 16, 18, 19, 20, 21, 23, 35, 44, 45, 46, 47, 48, 49, 51, 52, 54, 56, 63, 64, 66, 67, 69, 70, 71, 73, 87, 88, 89, 90, 92, 93, 94, 95, 97, 98, 100, 110, 111, 113, 114, 116, 117, 120, 121, 126, 127, 128, 130, 131, 133, 135, 142, 150, 157, 159, 166, 168, 172, 188], "summary": {"covered_lines": 66, "num_statements": 75, "percent_covered": 88.0, "percent_covered_display": "88", "missing_lines": 9, "excluded_lines": 0}, "missing_lines": [123, 170, 175, 177, 178, 179, 181, 182, 184], "excluded_lines": [], "functions": {"AgentScheduler.__init__": {"executed_lines": [18, 19, 20, 21], "summary": {"covered_lines": 4, "num_statements": 4, "percent_covered": 100.0, "percent_covered_display": "100", "missing_lines": 0, "excluded_lines": 0}, "missing_lines": [], "excluded_lines": []}, "AgentScheduler.submit_task": {"executed_lines": [35, 44, 45, 46, 47, 48, 49, 51, 52, 54], "summary": {"covered_lines": 10, "num_statements": 10, "percent_covered": 100.0, "percent_covered_display": "100", "missing_lines": 0, "excluded_lines": 0}, "missing_lines": [], "excluded_lines": []}, "AgentScheduler.get_next_task": {"executed_lines": [63, 64, 66, 67, 69, 70, 71], "summary": {"covered_lines": 7, "num_statements": 7, "percent_covered": 100.0, "percent_covered_display": "100", "missing_lines": 0, "excluded_lines": 0}, "missing_lines": [], "excluded_lines": []}, "AgentScheduler.update_task_status": {"executed_lines": [87, 88, 89, 90, 92, 93, 94, 95, 97, 98], "summary": {"covered_lines": 10, "num_statements": 10, "percent_covered": 100.0, "percent_covered_display": "100", "missing_lines": 0, "excluded_lines": 0}, "missing_lines": [], "excluded_lines": []}, "AgentScheduler.retry_failed_task": {"executed_lines": [110, 111, 113, 114, 116, 117, 120, 121, 126, 127, 128, 130, 131, 133], "summary": {"covered_lines": 14, "num_statements": 15, "percent_covered": 93.33333333333333, "percent_covered_display": "93", "missing_lines": 1, "excluded_lines": 0}, "missing_lines": [123], "excluded_lines": []}, "AgentScheduler.get_queue_status": {"executed_lines": [142], "summary": {"covered_lines": 1, "num_statements": 1, "percent_covered": 100.0, "percent_covered_display": "100", "missing_lines": 0, "excluded_lines": 0}, "missing_lines": [], "excluded_lines": []}, "AgentScheduler.get_running_tasks": {"executed_lines": [157], "summary": {"covered_lines": 1, "num_statements": 1, "percent_covered": 100.0, "percent_covered_display": "100", "missing_lines": 0, "excluded_lines": 0}, "missing_lines": [], "excluded_lines": []}, "AgentScheduler.get_failed_tasks": {"executed_lines": [166], "summary": {"covered_lines": 1, "num_statements": 1, "percent_covered": 100.0, "percent_covered_display": "100", "missing_lines": 0, "excluded_lines": 0}, "missing_lines": [], "excluded_lines": []}, "AgentScheduler.clear_completed": {"executed_lines": [], "summary": {"covered_lines": 0, "num_statements": 1, "percent_covered": 0.0, "percent_covered_display": "0", "missing_lines": 1, "excluded_lines": 0}, "missing_lines": [170], "excluded_lines": []}, "AgentScheduler.auto_retry_failed_tasks": {"executed_lines": [], "summary": {"covered_lines": 0, "num_statements": 7, "percent_covered": 0.0, "percent_covered_display": "0", "missing_lines": 7, "excluded_lines": 0}, "missing_lines": [175, 177, 178, 179, 181, 182, 184], "excluded_lines": []}, "": {"executed_lines": [1, 4, 5, 6, 7, 9, 10, 13, 14, 16, 23, 56, 73, 100, 135, 150, 159, 168, 172, 188], "summary": {"covered_lines": 18, "num_statements": 18, "percent_covered": 100.0, "percent_covered_display": "100", "missing_lines": 0, "excluded_lines": 0}, "missing_lines": [], "excluded_lines": []}}, "classes": {"AgentScheduler": {"executed_lines": [18, 19, 20, 21, 35, 44, 45, 46, 47, 48, 49, 51, 52, 54, 63, 64, 66, 67, 69, 70, 71, 87, 88, 89, 90, 92, 93, 94, 95, 97, 98, 110, 111, 113, 114, 116, 117, 120, 121, 126, 127, 128, 130, 131, 133, 142, 157, 166], "summary": {"covered_lines": 48, "num_statements": 57, "percent_covered": 84.21052631578948, "percent_covered_display": "84", "missing_lines": 9, "excluded_lines": 0}, "missing_lines": [123, 170, 175, 177, 178, 179, 181, 182, 184], "excluded_lines": []}, "": {"executed_lines": [1, 4, 5, 6, 7, 9, 10, 13, 14, 16, 23, 56, 73, 100, 135, 150, 159, 168, 172, 188], "summary": {"covered_lines": 18, "num_statements": 18, "percent_covered": 100.0, "percent_covered_display": "100", "missing_lines": 0, "excluded_lines": 0}, "missing_lines": [], "excluded_lines": []}}}, "app/agent/worker.py": {"executed_lines": [1, 4, 5, 6, 8, 9, 10, 11, 12, 14, 17, 18, 20, 22, 24, 26, 27, 30, 35, 37, 38, 40, 58, 65, 66, 68, 69, 71, 72, 74, 75, 76, 77, 80, 81, 84, 85, 87, 88, 89, 92, 94, 111], "summary": {"covered_lines": 41, "num_statements": 56, "percent_covered": 73.21428571428571, "percent_covered_display": "73", "missing_lines": 15, "excluded_lines": 0}, "missing_lines": [42, 43, 45, 47, 49, 52, 54, 55, 56, 96, 97, 99, 104, 106, 107], "excluded_lines": [], "functions": {"AgentWorker.__init__": {"executed_lines": [22], "summary": {"covered_lines": 1, "num_statements": 1, "percent_covered": 100.0, "percent_covered_display": "100", "missing_lines": 0, "excluded_lines": 0}, "missing_lines": [], "excluded_lines": []}, "AgentWorker.start": {"executed_lines": [26, 27, 30], "summary": {"covered_lines": 3, "num_statements": 3, "percent_covered": 100.0, "percent_covered_display": "100", "missing_lines": 0, "excluded_lines": 0}, "missing_lines": [], "excluded_lines": []}, "AgentWorker.stop": {"executed_lines": [37, 38], "summary": {"covered_lines": 2, "num_statements": 2, "percent_covered": 100.0, "percent_covered_display": "100", "missing_lines": 0, "excluded_lines": 0}, "missing_lines": [], "excluded_lines": []}, "AgentWorker.process_tasks": {"executed_lines": [], "summary": {"covered_lines": 0, "num_statements": 9, "percent_covered": 0.0, "percent_covered_display": "0", "missing_lines": 9, "excluded_lines": 0}, "missing_lines": [42, 43, 45, 47, 49, 52, 54, 55, 56], "excluded_lines": []}, "AgentWorker._execute_task": {"executed_lines": [65, 66, 68, 69, 71, 72, 74, 75, 76, 77, 80, 81, 84, 85, 87, 88, 89, 92], "summary": {"covered_lines": 18, "num_statements": 18, "percent_covered": 100.0, "percent_covered_display": "100", "missing_lines": 0, "excluded_lines": 0}, "missing_lines": [], "excluded_lines": []}, "AgentWorker.cleanup_old_executions": {"executed_lines": [], "summary": {"covered_lines": 0, "num_statements": 6, "percent_covered": 0.0, "percent_covered_display": "0", "missing_lines": 6, "excluded_lines": 0}, "missing_lines": [96, 97, 99, 104, 106, 107], "excluded_lines": []}, "": {"executed_lines": [1, 4, 5, 6, 8, 9, 10, 11, 12, 14, 17, 18, 20, 24, 35, 40, 58, 94, 111], "summary": {"covered_lines": 17, "num_statements": 17, "percent_covered": 100.0, "percent_covered_display": "100", "missing_lines": 0, "excluded_lines": 0}, "missing_lines": [], "excluded_lines": []}}, "classes": {"AgentWorker": {"executed_lines": [22, 26, 27, 30, 37, 38, 65, 66, 68, 69, 71, 72, 74, 75, 76, 77, 80, 81, 84, 85, 87, 88, 89, 92], "summary": {"covered_lines": 24, "num_statements": 39, "percent_covered": 61.53846153846154, "percent_covered_display": "62", "missing_lines": 15, "excluded_lines": 0}, "missing_lines": [42, 43, 45, 47, 49, 52, 54, 55, 56, 96, 97, 99, 104, 106, 107], "excluded_lines": []}, "": {"executed_lines": [1, 4, 5, 6, 8, 9, 10, 11, 12, 14, 17, 18, 20, 24, 35, 40, 58, 94, 111], "summary": {"covered_lines": 17, "num_statements": 17, "percent_covered": 100.0, "percent_covered_display": "100", "missing_lines": 0, "excluded_lines": 0}, "missing_lines": [], "excluded_lines": []}}}, "app/api/v1/agents.py": {"executed_lines": [1, 4, 5, 7, 8, 10, 11, 12, 13, 14, 15, 16, 18, 21, 22, 36, 39, 40, 41, 46, 51, 54, 55, 69, 70, 71, 76, 79, 80, 91, 92, 93, 96, 97, 107, 108, 109, 112, 113, 128, 131, 132, 139, 144, 151, 152, 155, 156, 167, 168, 169, 179, 180, 223, 224, 262, 263, 312, 313], "summary": {"covered_lines": 58, "num_statements": 87, "percent_covered": 66.66666666666667, "percent_covered_display": "67", "missing_lines": 29, "excluded_lines": 0}, "missing_lines": [72, 133, 145, 170, 203, 204, 206, 207, 213, 215, 241, 242, 244, 245, 250, 280, 281, 283, 284, 289, 290, 296, 298, 299, 304, 320, 321, 322, 324], "excluded_lines": [], "functions": {"create_agent": {"executed_lines": [36, 39, 40, 41, 46, 51], "summary": {"covered_lines": 6, "num_statements": 6, "percent_covered": 100.0, "percent_covered_display": "100", "missing_lines": 0, "excluded_lines": 0}, "missing_lines": [], "excluded_lines": []}, "get_agent": {"executed_lines": [69, 70, 71, 76], "summary": {"covered_lines": 4, "num_statements": 5, "percent_covered": 80.0, "percent_covered_display": "80", "missing_lines": 1, "excluded_lines": 0}, "missing_lines": [72], "excluded_lines": []}, "list_agents": {"executed_lines": [91, 92, 93], "summary": {"covered_lines": 3, "num_statements": 3, "percent_covered": 100.0, "percent_covered_display": "100", "missing_lines": 0, "excluded_lines": 0}, "missing_lines": [], "excluded_lines": []}, "list_active_agents": {"executed_lines": [107, 108, 109], "summary": {"covered_lines": 3, "num_statements": 3, "percent_covered": 100.0, "percent_covered_display": "100", "missing_lines": 0, "excluded_lines": 0}, "missing_lines": [], "excluded_lines": []}, "update_agent": {"executed_lines": [128, 131, 132, 139, 144, 151, 152], "summary": {"covered_lines": 7, "num_statements": 9, "percent_covered": 77.77777777777777, "percent_covered_display": "78", "missing_lines": 2, "excluded_lines": 0}, "missing_lines": [133, 145], "excluded_lines": []}, "delete_agent": {"executed_lines": [167, 168, 169], "summary": {"covered_lines": 3, "num_statements": 4, "percent_covered": 75.0, "percent_covered_display": "75", "missing_lines": 1, "excluded_lines": 0}, "missing_lines": [170], "excluded_lines": []}, "execute_agent_task": {"executed_lines": [], "summary": {"covered_lines": 0, "num_statements": 6, "percent_covered": 0.0, "percent_covered_display": "0", "missing_lines": 6, "excluded_lines": 0}, "missing_lines": [203, 204, 206, 207, 213, 215], "excluded_lines": []}, "get_execution_status": {"executed_lines": [], "summary": {"covered_lines": 0, "num_statements": 5, "percent_covered": 0.0, "percent_covered_display": "0", "missing_lines": 5, "excluded_lines": 0}, "missing_lines": [241, 242, 244, 245, 250], "excluded_lines": []}, "retry_execution": {"executed_lines": [], "summary": {"covered_lines": 0, "num_statements": 10, "percent_covered": 0.0, "percent_covered_display": "0", "missing_lines": 10, "excluded_lines": 0}, "missing_lines": [280, 281, 283, 284, 289, 290, 296, 298, 299, 304], "excluded_lines": []}, "get_queue_status": {"executed_lines": [], "summary": {"covered_lines": 0, "num_statements": 4, "percent_covered": 0.0, "percent_covered_display": "0", "missing_lines": 4, "excluded_lines": 0}, "missing_lines": [320, 321, 322, 324], "excluded_lines": []}, "": {"executed_lines": [1, 4, 5, 7, 8, 10, 11, 12, 13, 14, 15, 16, 18, 21, 22, 54, 55, 79, 80, 96, 97, 112, 113, 155, 156, 179, 180, 223, 224, 262, 263, 312, 313], "summary": {"covered_lines": 32, "num_statements": 32, "percent_covered": 100.0, "percent_covered_display": "100", "missing_lines": 0, "excluded_lines": 0}, "missing_lines": [], "excluded_lines": []}}, "classes": {"": {"executed_lines": [1, 4, 5, 7, 8, 10, 11, 12, 13, 14, 15, 16, 18, 21, 22, 36, 39, 40, 41, 46, 51, 54, 55, 69, 70, 71, 76, 79, 80, 91, 92, 93, 96, 97, 107, 108, 109, 112, 113, 128, 131, 132, 139, 144, 151, 152, 155, 156, 167, 168, 169, 179, 180, 223, 224, 262, 263, 312, 313], "summary": {"covered_lines": 58, "num_statements": 87, "percent_covered": 66.66666666666667, "percent_covered_display": "67", "missing_lines": 29, "excluded_lines": 0}, "missing_lines": [72, 133, 145, 170, 203, 204, 206, 207, 213, 215, 241, 242, 244, 245, 250, 280, 281, 283, 284, 289, 290, 296, 298, 299, 304, 320, 321, 322, 324], "excluded_lines": []}}}, "app/api/v1/code_files.py": {"executed_lines": [1, 4, 6, 7, 9, 10, 11, 13, 16, 17, 31, 34, 35, 36, 41, 47, 50, 51, 65, 66, 67, 68, 72, 75, 76, 87, 88, 89, 92, 93, 108, 111, 112, 113, 119, 124, 131, 132, 135, 136, 147, 148, 149, 150], "summary": {"covered_lines": 43, "num_statements": 44, "percent_covered": 97.72727272727273, "percent_covered_display": "98", "missing_lines": 1, "excluded_lines": 0}, "missing_lines": [125], "excluded_lines": [], "functions": {"create_code_file": {"executed_lines": [31, 34, 35, 36, 41, 47], "summary": {"covered_lines": 6, "num_statements": 6, "percent_covered": 100.0, "percent_covered_display": "100", "missing_lines": 0, "excluded_lines": 0}, "missing_lines": [], "excluded_lines": []}, "get_code_file": {"executed_lines": [65, 66, 67, 68, 72], "summary": {"covered_lines": 5, "num_statements": 5, "percent_covered": 100.0, "percent_covered_display": "100", "missing_lines": 0, "excluded_lines": 0}, "missing_lines": [], "excluded_lines": []}, "list_project_files": {"executed_lines": [87, 88, 89], "summary": {"covered_lines": 3, "num_statements": 3, "percent_covered": 100.0, "percent_covered_display": "100", "missing_lines": 0, "excluded_lines": 0}, "missing_lines": [], "excluded_lines": []}, "update_code_file": {"executed_lines": [108, 111, 112, 113, 119, 124, 131, 132], "summary": {"covered_lines": 8, "num_statements": 9, "percent_covered": 88.88888888888889, "percent_covered_display": "89", "missing_lines": 1, "excluded_lines": 0}, "missing_lines": [125], "excluded_lines": []}, "delete_code_file": {"executed_lines": [147, 148, 149, 150], "summary": {"covered_lines": 4, "num_statements": 4, "percent_covered": 100.0, "percent_covered_display": "100", "missing_lines": 0, "excluded_lines": 0}, "missing_lines": [], "excluded_lines": []}, "": {"executed_lines": [1, 4, 6, 7, 9, 10, 11, 13, 16, 17, 50, 51, 75, 76, 92, 93, 135, 136], "summary": {"covered_lines": 17, "num_statements": 17, "percent_covered": 100.0, "percent_covered_display": "100", "missing_lines": 0, "excluded_lines": 0}, "missing_lines": [], "excluded_lines": []}}, "classes": {"": {"executed_lines": [1, 4, 6, 7, 9, 10, 11, 13, 16, 17, 31, 34, 35, 36, 41, 47, 50, 51, 65, 66, 67, 68, 72, 75, 76, 87, 88, 89, 92, 93, 108, 111, 112, 113, 119, 124, 131, 132, 135, 136, 147, 148, 149, 150], "summary": {"covered_lines": 43, "num_statements": 44, "percent_covered": 97.72727272727273, "percent_covered_display": "98", "missing_lines": 1, "excluded_lines": 0}, "missing_lines": [125], "excluded_lines": []}}}, "app/api/v1/executions.py": {"executed_lines": [1, 4, 6, 7, 9, 10, 11, 13, 16, 17, 28, 29, 34, 37, 38, 52, 53, 54, 55, 59, 62, 63, 74, 75, 76, 79, 80, 97, 100, 101, 108, 113, 120, 121, 124, 125, 136, 137, 138, 139], "summary": {"covered_lines": 39, "num_statements": 41, "percent_covered": 95.1219512195122, "percent_covered_display": "95", "missing_lines": 2, "excluded_lines": 0}, "missing_lines": [102, 114], "excluded_lines": [], "functions": {"create_execution": {"executed_lines": [28, 29, 34], "summary": {"covered_lines": 3, "num_statements": 3, "percent_covered": 100.0, "percent_covered_display": "100", "missing_lines": 0, "excluded_lines": 0}, "missing_lines": [], "excluded_lines": []}, "get_execution": {"executed_lines": [52, 53, 54, 55, 59], "summary": {"covered_lines": 5, "num_statements": 5, "percent_covered": 100.0, "percent_covered_display": "100", "missing_lines": 0, "excluded_lines": 0}, "missing_lines": [], "excluded_lines": []}, "list_executions": {"executed_lines": [74, 75, 76], "summary": {"covered_lines": 3, "num_statements": 3, "percent_covered": 100.0, "percent_covered_display": "100", "missing_lines": 0, "excluded_lines": 0}, "missing_lines": [], "excluded_lines": []}, "update_execution_status": {"executed_lines": [97, 100, 101, 108, 113, 120, 121], "summary": {"covered_lines": 7, "num_statements": 9, "percent_covered": 77.77777777777777, "percent_covered_display": "78", "missing_lines": 2, "excluded_lines": 0}, "missing_lines": [102, 114], "excluded_lines": []}, "delete_execution": {"executed_lines": [136, 137, 138, 139], "summary": {"covered_lines": 4, "num_statements": 4, "percent_covered": 100.0, "percent_covered_display": "100", "missing_lines": 0, "excluded_lines": 0}, "missing_lines": [], "excluded_lines": []}, "": {"executed_lines": [1, 4, 6, 7, 9, 10, 11, 13, 16, 17, 37, 38, 62, 63, 79, 80, 124, 125], "summary": {"covered_lines": 17, "num_statements": 17, "percent_covered": 100.0, "percent_covered_display": "100", "missing_lines": 0, "excluded_lines": 0}, "missing_lines": [], "excluded_lines": []}}, "classes": {"": {"executed_lines": [1, 4, 6, 7, 9, 10, 11, 13, 16, 17, 28, 29, 34, 37, 38, 52, 53, 54, 55, 59, 62, 63, 74, 75, 76, 79, 80, 97, 100, 101, 108, 113, 120, 121, 124, 125, 136, 137, 138, 139], "summary": {"covered_lines": 39, "num_statements": 41, "percent_covered": 95.1219512195122, "percent_covered_display": "95", "missing_lines": 2, "excluded_lines": 0}, "missing_lines": [102, 114], "excluded_lines": []}}}, "app/api/v1/health.py": {"executed_lines": [1, 4, 5, 7, 10, 11, 18, 27, 28, 35, 43, 44, 51], "summary": {"covered_lines": 12, "num_statements": 12, "percent_covered": 100.0, "percent_covered_display": "100", "missing_lines": 0, "excluded_lines": 0}, "missing_lines": [], "excluded_lines": [], "functions": {"health_check": {"executed_lines": [18], "summary": {"covered_lines": 1, "num_statements": 1, "percent_covered": 100.0, "percent_covered_display": "100", "missing_lines": 0, "excluded_lines": 0}, "missing_lines": [], "excluded_lines": []}, "readiness_check": {"executed_lines": [35], "summary": {"covered_lines": 1, "num_statements": 1, "percent_covered": 100.0, "percent_covered_display": "100", "missing_lines": 0, "excluded_lines": 0}, "missing_lines": [], "excluded_lines": []}, "liveness_check": {"executed_lines": [51], "summary": {"covered_lines": 1, "num_statements": 1, "percent_covered": 100.0, "percent_covered_display": "100", "missing_lines": 0, "excluded_lines": 0}, "missing_lines": [], "excluded_lines": []}, "": {"executed_lines": [1, 4, 5, 7, 10, 11, 27, 28, 43, 44], "summary": {"covered_lines": 9, "num_statements": 9, "percent_covered": 100.0, "percent_covered_display": "100", "missing_lines": 0, "excluded_lines": 0}, "missing_lines": [], "excluded_lines": []}}, "classes": {"": {"executed_lines": [1, 4, 5, 7, 10, 11, 18, 27, 28, 35, 43, 44, 51], "summary": {"covered_lines": 12, "num_statements": 12, "percent_covered": 100.0, "percent_covered_display": "100", "missing_lines": 0, "excluded_lines": 0}, "missing_lines": [], "excluded_lines": []}}}, "app/api/v1/quality.py": {"executed_lines": [1, 4, 6, 7, 9, 10, 11, 13, 16, 17, 28, 29, 36, 39, 40, 54, 55, 56, 57, 61, 64, 65, 79, 80, 81, 82, 86, 89, 90, 104, 105, 106, 109, 110, 121, 122, 123, 124], "summary": {"covered_lines": 37, "num_statements": 37, "percent_covered": 100.0, "percent_covered_display": "100", "missing_lines": 0, "excluded_lines": 0}, "missing_lines": [], "excluded_lines": [], "functions": {"create_quality_metric": {"executed_lines": [28, 29, 36], "summary": {"covered_lines": 3, "num_statements": 3, "percent_covered": 100.0, "percent_covered_display": "100", "missing_lines": 0, "excluded_lines": 0}, "missing_lines": [], "excluded_lines": []}, "get_quality_metric": {"executed_lines": [54, 55, 56, 57, 61], "summary": {"covered_lines": 5, "num_statements": 5, "percent_covered": 100.0, "percent_covered_display": "100", "missing_lines": 0, "excluded_lines": 0}, "missing_lines": [], "excluded_lines": []}, "get_latest_quality_metric": {"executed_lines": [79, 80, 81, 82, 86], "summary": {"covered_lines": 5, "num_statements": 5, "percent_covered": 100.0, "percent_covered_display": "100", "missing_lines": 0, "excluded_lines": 0}, "missing_lines": [], "excluded_lines": []}, "get_quality_metric_history": {"executed_lines": [104, 105, 106], "summary": {"covered_lines": 3, "num_statements": 3, "percent_covered": 100.0, "percent_covered_display": "100", "missing_lines": 0, "excluded_lines": 0}, "missing_lines": [], "excluded_lines": []}, "delete_quality_metric": {"executed_lines": [121, 122, 123, 124], "summary": {"covered_lines": 4, "num_statements": 4, "percent_covered": 100.0, "percent_covered_display": "100", "missing_lines": 0, "excluded_lines": 0}, "missing_lines": [], "excluded_lines": []}, "": {"executed_lines": [1, 4, 6, 7, 9, 10, 11, 13, 16, 17, 39, 40, 64, 65, 89, 90, 109, 110], "summary": {"covered_lines": 17, "num_statements": 17, "percent_covered": 100.0, "percent_covered_display": "100", "missing_lines": 0, "excluded_lines": 0}, "missing_lines": [], "excluded_lines": []}}, "classes": {"": {"executed_lines": [1, 4, 6, 7, 9, 10, 11, 13, 16, 17, 28, 29, 36, 39, 40, 54, 55, 56, 57, 61, 64, 65, 79, 80, 81, 82, 86, 89, 90, 104, 105, 106, 109, 110, 121, 122, 123, 124], "summary": {"covered_lines": 37, "num_statements": 37, "percent_covered": 100.0, "percent_covered_display": "100", "missing_lines": 0, "excluded_lines": 0}, "missing_lines": [], "excluded_lines": []}}}, "app/api/v1/tasks.py": {"executed_lines": [1, 4, 6, 7, 9, 10, 11, 13, 16, 17, 28, 29, 35, 38, 39, 53, 54, 55, 56, 60, 63, 64, 75, 76, 77, 80, 81, 96, 99, 100, 107, 113, 120, 121, 124, 125, 140, 143, 144, 151, 152, 159, 160, 163, 164, 175, 176, 177], "summary": {"covered_lines": 47, "num_statements": 52, "percent_covered": 90.38461538461539, "percent_covered_display": "90", "missing_lines": 5, "excluded_lines": 0}, "missing_lines": [101, 114, 145, 153, 178], "excluded_lines": [], "functions": {"create_task": {"executed_lines": [28, 29, 35], "summary": {"covered_lines": 3, "num_statements": 3, "percent_covered": 100.0, "percent_covered_display": "100", "missing_lines": 0, "excluded_lines": 0}, "missing_lines": [], "excluded_lines": []}, "get_task": {"executed_lines": [53, 54, 55, 56, 60], "summary": {"covered_lines": 5, "num_statements": 5, "percent_covered": 100.0, "percent_covered_display": "100", "missing_lines": 0, "excluded_lines": 0}, "missing_lines": [], "excluded_lines": []}, "list_tasks": {"executed_lines": [75, 76, 77], "summary": {"covered_lines": 3, "num_statements": 3, "percent_covered": 100.0, "percent_covered_display": "100", "missing_lines": 0, "excluded_lines": 0}, "missing_lines": [], "excluded_lines": []}, "update_task": {"executed_lines": [96, 99, 100, 107, 113, 120, 121], "summary": {"covered_lines": 7, "num_statements": 9, "percent_covered": 77.77777777777777, "percent_covered_display": "78", "missing_lines": 2, "excluded_lines": 0}, "missing_lines": [101, 114], "excluded_lines": []}, "update_task_status": {"executed_lines": [140, 143, 144, 151, 152, 159, 160], "summary": {"covered_lines": 7, "num_statements": 9, "percent_covered": 77.77777777777777, "percent_covered_display": "78", "missing_lines": 2, "excluded_lines": 0}, "missing_lines": [145, 153], "excluded_lines": []}, "delete_task": {"executed_lines": [175, 176, 177], "summary": {"covered_lines": 3, "num_statements": 4, "percent_covered": 75.0, "percent_covered_display": "75", "missing_lines": 1, "excluded_lines": 0}, "missing_lines": [178], "excluded_lines": []}, "": {"executed_lines": [1, 4, 6, 7, 9, 10, 11, 13, 16, 17, 38, 39, 63, 64, 80, 81, 124, 125, 163, 164], "summary": {"covered_lines": 19, "num_statements": 19, "percent_covered": 100.0, "percent_covered_display": "100", "missing_lines": 0, "excluded_lines": 0}, "missing_lines": [], "excluded_lines": []}}, "classes": {"": {"executed_lines": [1, 4, 6, 7, 9, 10, 11, 13, 16, 17, 28, 29, 35, 38, 39, 53, 54, 55, 56, 60, 63, 64, 75, 76, 77, 80, 81, 96, 99, 100, 107, 113, 120, 121, 124, 125, 140, 143, 144, 151, 152, 159, 160, 163, 164, 175, 176, 177], "summary": {"covered_lines": 47, "num_statements": 52, "percent_covered": 90.38461538461539, "percent_covered_display": "90", "missing_lines": 5, "excluded_lines": 0}, "missing_lines": [101, 114, 145, 153, 178], "excluded_lines": []}}}, "app/api/v1/users.py": {"executed_lines": [1, 4, 6, 7, 9, 10, 11, 13, 16, 17, 31, 34, 35, 36, 41, 42, 45, 46, 60, 61, 62, 63, 67, 70, 71, 82, 83, 84, 87, 88, 103, 106, 107, 108, 114, 115, 122, 123, 126, 127, 138, 139, 140, 141], "summary": {"covered_lines": 43, "num_statements": 44, "percent_covered": 97.72727272727273, "percent_covered_display": "98", "missing_lines": 1, "excluded_lines": 0}, "missing_lines": [116], "excluded_lines": [], "functions": {"create_user": {"executed_lines": [31, 34, 35, 36, 41, 42], "summary": {"covered_lines": 6, "num_statements": 6, "percent_covered": 100.0, "percent_covered_display": "100", "missing_lines": 0, "excluded_lines": 0}, "missing_lines": [], "excluded_lines": []}, "get_user": {"executed_lines": [60, 61, 62, 63, 67], "summary": {"covered_lines": 5, "num_statements": 5, "percent_covered": 100.0, "percent_covered_display": "100", "missing_lines": 0, "excluded_lines": 0}, "missing_lines": [], "excluded_lines": []}, "list_users": {"executed_lines": [82, 83, 84], "summary": {"covered_lines": 3, "num_statements": 3, "percent_covered": 100.0, "percent_covered_display": "100", "missing_lines": 0, "excluded_lines": 0}, "missing_lines": [], "excluded_lines": []}, "update_user": {"executed_lines": [103, 106, 107, 108, 114, 115, 122, 123], "summary": {"covered_lines": 8, "num_statements": 9, "percent_covered": 88.88888888888889, "percent_covered_display": "89", "missing_lines": 1, "excluded_lines": 0}, "missing_lines": [116], "excluded_lines": []}, "delete_user": {"executed_lines": [138, 139, 140, 141], "summary": {"covered_lines": 4, "num_statements": 4, "percent_covered": 100.0, "percent_covered_display": "100", "missing_lines": 0, "excluded_lines": 0}, "missing_lines": [], "excluded_lines": []}, "": {"executed_lines": [1, 4, 6, 7, 9, 10, 11, 13, 16, 17, 45, 46, 70, 71, 87, 88, 126, 127], "summary": {"covered_lines": 17, "num_statements": 17, "percent_covered": 100.0, "percent_covered_display": "100", "missing_lines": 0, "excluded_lines": 0}, "missing_lines": [], "excluded_lines": []}}, "classes": {"": {"executed_lines": [1, 4, 6, 7, 9, 10, 11, 13, 16, 17, 31, 34, 35, 36, 41, 42, 45, 46, 60, 61, 62, 63, 67, 70, 71, 82, 83, 84, 87, 88, 103, 106, 107, 108, 114, 115, 122, 123, 126, 127, 138, 139, 140, 141], "summary": {"covered_lines": 43, "num_statements": 44, "percent_covered": 97.72727272727273, "percent_covered_display": "98", "missing_lines": 1, "excluded_lines": 0}, "missing_lines": [116], "excluded_lines": []}}}, "app/database/base.py": {"executed_lines": [1, 6, 9, 10, 12], "summary": {"covered_lines": 3, "num_statements": 3, "percent_covered": 100.0, "percent_covered_display": "100", "missing_lines": 0, "excluded_lines": 0}, "missing_lines": [], "excluded_lines": [], "functions": {"": {"executed_lines": [1, 6, 9, 10, 12], "summary": {"covered_lines": 3, "num_statements": 3, "percent_covered": 100.0, "percent_covered_display": "100", "missing_lines": 0, "excluded_lines": 0}, "missing_lines": [], "excluded_lines": []}}, "classes": {"Base": {"executed_lines": [], "summary": {"covered_lines": 0, "num_statements": 0, "percent_covered": 100.0, "percent_covered_display": "100", "missing_lines": 0, "excluded_lines": 0}, "missing_lines": [], "excluded_lines": []}, "": {"executed_lines": [1, 6, 9, 10, 12], "summary": {"covered_lines": 3, "num_statements": 3, "percent_covered": 100.0, "percent_covered_display": "100", "missing_lines": 0, "excluded_lines": 0}, "missing_lines": [], "excluded_lines": []}}}, "app/database/connection.py": {"executed_lines": [1, 6, 7, 9, 10, 11, 14, 19, 30, 33], "summary": {"covered_lines": 9, "num_statements": 13, "percent_covered": 69.23076923076923, "percent_covered_display": "69", "missing_lines": 4, "excluded_lines": 0}, "missing_lines": [42, 43, 44, 46], "excluded_lines": [], "functions": {"get_db": {"executed_lines": [], "summary": {"covered_lines": 0, "num_statements": 4, "percent_covered": 0.0, "percent_covered_display": "0", "missing_lines": 4, "excluded_lines": 0}, "missing_lines": [42, 43, 44, 46], "excluded_lines": []}, "": {"executed_lines": [1, 6, 7, 9, 10, 11, 14, 19, 30, 33], "summary": {"covered_lines": 9, "num_statements": 9, "percent_covered": 100.0, "percent_covered_display": "100", "missing_lines": 0, "excluded_lines": 0}, "missing_lines": [], "excluded_lines": []}}, "classes": {"": {"executed_lines": [1, 6, 7, 9, 10, 11, 14, 19, 30, 33], "summary": {"covered_lines": 9, "num_statements": 13, "percent_covered": 69.23076923076923, "percent_covered_display": "69", "missing_lines": 4, "excluded_lines": 0}, "missing_lines": [42, 43, 44, 46], "excluded_lines": []}}}, "app/database/session.py": {"executed_lines": [1, 6, 7, 9, 11, 14, 15, 38], "summary": {"covered_lines": 7, "num_statements": 16, "percent_covered": 43.75, "percent_covered_display": "44", "missing_lines": 9, "excluded_lines": 0}, "missing_lines": [27, 28, 29, 30, 31, 32, 33, 35, 47], "excluded_lines": [], "functions": {"transaction_scope": {"executed_lines": [], "summary": {"covered_lines": 0, "num_statements": 8, "percent_covered": 0.0, "percent_covered_display": "0", "missing_lines": 8, "excluded_lines": 0}, "missing_lines": [27, 28, 29, 30, 31, 32, 33, 35], "excluded_lines": []}, "get_session": {"executed_lines": [], "summary": {"covered_lines": 0, "num_statements": 1, "percent_covered": 0.0, "percent_covered_display": "0", "missing_lines": 1, "excluded_lines": 0}, "missing_lines": [47], "excluded_lines": []}, "": {"executed_lines": [1, 6, 7, 9, 11, 14, 15, 38], "summary": {"covered_lines": 7, "num_statements": 7, "percent_covered": 100.0, "percent_covered_display": "100", "missing_lines": 0, "excluded_lines": 0}, "missing_lines": [], "excluded_lines": []}}, "classes": {"": {"executed_lines": [1, 6, 7, 9, 11, 14, 15, 38], "summary": {"covered_lines": 7, "num_statements": 16, "percent_covered": 43.75, "percent_covered_display": "44", "missing_lines": 9, "excluded_lines": 0}, "missing_lines": [27, 28, 29, 30, 31, 32, 33, 35, 47], "excluded_lines": []}}}, "app/dependencies/database.py": {"executed_lines": [1, 4, 6, 8, 11], "summary": {"covered_lines": 4, "num_statements": 8, "percent_covered": 50.0, "percent_covered_display": "50", "missing_lines": 4, "excluded_lines": 0}, "missing_lines": [23, 24, 25, 27], "excluded_lines": [], "functions": {"get_db": {"executed_lines": [], "summary": {"covered_lines": 0, "num_statements": 4, "percent_covered": 0.0, "percent_covered_display": "0", "missing_lines": 4, "excluded_lines": 0}, "missing_lines": [23, 24, 25, 27], "excluded_lines": []}, "": {"executed_lines": [1, 4, 6, 8, 11], "summary": {"covered_lines": 4, "num_statements": 4, "percent_covered": 100.0, "percent_covered_display": "100", "missing_lines": 0, "excluded_lines": 0}, "missing_lines": [], "excluded_lines": []}}, "classes": {"": {"executed_lines": [1, 4, 6, 8, 11], "summary": {"covered_lines": 4, "num_statements": 8, "percent_covered": 50.0, "percent_covered_display": "50", "missing_lines": 4, "excluded_lines": 0}, "missing_lines": [23, 24, 25, 27], "excluded_lines": []}}}, "app/dependencies/pagination.py": {"executed_lines": [1, 4, 6, 9, 30], "summary": {"covered_lines": 4, "num_statements": 4, "percent_covered": 100.0, "percent_covered_display": "100", "missing_lines": 0, "excluded_lines": 0}, "missing_lines": [], "excluded_lines": [], "functions": {"get_pagination": {"executed_lines": [30], "summary": {"covered_lines": 1, "num_statements": 1, "percent_covered": 100.0, "percent_covered_display": "100", "missing_lines": 0, "excluded_lines": 0}, "missing_lines": [], "excluded_lines": []}, "": {"executed_lines": [1, 4, 6, 9], "summary": {"covered_lines": 3, "num_statements": 3, "percent_covered": 100.0, "percent_covered_display": "100", "missing_lines": 0, "excluded_lines": 0}, "missing_lines": [], "excluded_lines": []}}, "classes": {"": {"executed_lines": [1, 4, 6, 9, 30], "summary": {"covered_lines": 4, "num_statements": 4, "percent_covered": 100.0, "percent_covered_display": "100", "missing_lines": 0, "excluded_lines": 0}, "missing_lines": [], "excluded_lines": []}}}, "app/main.py": {"executed_lines": [1, 4, 5, 6, 7, 9, 12, 21, 31, 32, 43, 53, 54, 75, 78, 79, 89], "summary": {"covered_lines": 15, "num_statements": 17, "percent_covered": 88.23529411764706, "percent_covered_display": "88", "missing_lines": 2, "excluded_lines": 3}, "missing_lines": [65, 81], "excluded_lines": [89, 90, 92], "functions": {"validation_exception_handler": {"executed_lines": [43], "summary": {"covered_lines": 1, "num_statements": 1, "percent_covered": 100.0, "percent_covered_display": "100", "missing_lines": 0, "excluded_lines": 0}, "missing_lines": [], "excluded_lines": []}, "global_exception_handler": {"executed_lines": [], "summary": {"covered_lines": 0, "num_statements": 1, "percent_covered": 0.0, "percent_covered_display": "0", "missing_lines": 1, "excluded_lines": 0}, "missing_lines": [65], "excluded_lines": []}, "root": {"executed_lines": [], "summary": {"covered_lines": 0, "num_statements": 1, "percent_covered": 0.0, "percent_covered_display": "0", "missing_lines": 1, "excluded_lines": 0}, "missing_lines": [81], "excluded_lines": []}, "": {"executed_lines": [1, 4, 5, 6, 7, 9, 12, 21, 31, 32, 53, 54, 75, 78, 79, 89], "summary": {"covered_lines": 14, "num_statements": 14, "percent_covered": 100.0, "percent_covered_display": "100", "missing_lines": 0, "excluded_lines": 3}, "missing_lines": [], "excluded_lines": [89, 90, 92]}}, "classes": {"": {"executed_lines": [1, 4, 5, 6, 7, 9, 12, 21, 31, 32, 43, 53, 54, 75, 78, 79, 89], "summary": {"covered_lines": 15, "num_statements": 17, "percent_covered": 88.23529411764706, "percent_covered_display": "88", "missing_lines": 2, "excluded_lines": 3}, "missing_lines": [65, 81], "excluded_lines": [89, 90, 92]}}}, "app/models/agent.py": {"executed_lines": [1, 6, 7, 9, 10, 12, 15, 16, 18, 20, 21, 22, 23, 24, 25, 26, 28], "summary": {"covered_lines": 14, "num_statements": 14, "percent_covered": 100.0, "percent_covered_display": "100", "missing_lines": 0, "excluded_lines": 2}, "missing_lines": [], "excluded_lines": [28, 29], "functions": {"Agent.__repr__": {"executed_lines": [], "summary": {"covered_lines": 0, "num_statements": 0, "percent_covered": 100.0, "percent_covered_display": "100", "missing_lines": 0, "excluded_lines": 1}, "missing_lines": [], "excluded_lines": [29]}, "": {"executed_lines": [1, 6, 7, 9, 10, 12, 15, 16, 18, 20, 21, 22, 23, 24, 25, 26, 28], "summary": {"covered_lines": 14, "num_statements": 14, "percent_covered": 100.0, "percent_covered_display": "100", "missing_lines": 0, "excluded_lines": 1}, "missing_lines": [], "excluded_lines": [28]}}, "classes": {"Agent": {"executed_lines": [], "summary": {"covered_lines": 0, "num_statements": 0, "percent_covered": 100.0, "percent_covered_display": "100", "missing_lines": 0, "excluded_lines": 1}, "missing_lines": [], "excluded_lines": [29]}, "": {"executed_lines": [1, 6, 7, 9, 10, 12, 15, 16, 18, 20, 21, 22, 23, 24, 25, 26, 28], "summary": {"covered_lines": 14, "num_statements": 14, "percent_covered": 100.0, "percent_covered_display": "100", "missing_lines": 0, "excluded_lines": 1}, "missing_lines": [], "excluded_lines": [28]}}}, "app/models/agent_execution.py": {"executed_lines": [1, 6, 7, 8, 10, 11, 12, 14, 16, 21, 22, 24, 25, 27, 28, 29, 30, 31, 32, 33, 34, 35, 38, 39, 41], "summary": {"covered_lines": 21, "num_statements": 21, "percent_covered": 100.0, "percent_covered_display": "100", "missing_lines": 0, "excluded_lines": 5}, "missing_lines": [], "excluded_lines": [16, 17, 18, 41, 42], "functions": {"AgentExecution.__repr__": {"executed_lines": [], "summary": {"covered_lines": 0, "num_statements": 0, "percent_covered": 100.0, "percent_covered_display": "100", "missing_lines": 0, "excluded_lines": 1}, "missing_lines": [], "excluded_lines": [42]}, "": {"executed_lines": [1, 6, 7, 8, 10, 11, 12, 14, 16, 21, 22, 24, 25, 27, 28, 29, 30, 31, 32, 33, 34, 35, 38, 39, 41], "summary": {"covered_lines": 21, "num_statements": 21, "percent_covered": 100.0, "percent_covered_display": "100", "missing_lines": 0, "excluded_lines": 4}, "missing_lines": [], "excluded_lines": [16, 17, 18, 41]}}, "classes": {"AgentExecution": {"executed_lines": [], "summary": {"covered_lines": 0, "num_statements": 0, "percent_covered": 100.0, "percent_covered_display": "100", "missing_lines": 0, "excluded_lines": 1}, "missing_lines": [], "excluded_lines": [42]}, "": {"executed_lines": [1, 6, 7, 8, 10, 11, 12, 14, 16, 21, 22, 24, 25, 27, 28, 29, 30, 31, 32, 33, 34, 35, 38, 39, 41], "summary": {"covered_lines": 21, "num_statements": 21, "percent_covered": 100.0, "percent_covered_display": "100", "missing_lines": 0, "excluded_lines": 4}, "missing_lines": [], "excluded_lines": [16, 17, 18, 41]}}}, "app/models/code_file.py": {"executed_lines": [1, 6, 7, 8, 10, 11, 12, 14, 16, 21, 22, 24, 25, 27, 28, 29, 30, 31, 32, 35, 36, 38], "summary": {"covered_lines": 18, "num_statements": 18, "percent_covered": 100.0, "percent_covered_display": "100", "missing_lines": 0, "excluded_lines": 5}, "missing_lines": [], "excluded_lines": [16, 17, 18, 38, 39], "functions": {"CodeFile.__repr__": {"executed_lines": [], "summary": {"covered_lines": 0, "num_statements": 0, "percent_covered": 100.0, "percent_covered_display": "100", "missing_lines": 0, "excluded_lines": 1}, "missing_lines": [], "excluded_lines": [39]}, "": {"executed_lines": [1, 6, 7, 8, 10, 11, 12, 14, 16, 21, 22, 24, 25, 27, 28, 29, 30, 31, 32, 35, 36, 38], "summary": {"covered_lines": 18, "num_statements": 18, "percent_covered": 100.0, "percent_covered_display": "100", "missing_lines": 0, "excluded_lines": 4}, "missing_lines": [], "excluded_lines": [16, 17, 18, 38]}}, "classes": {"CodeFile": {"executed_lines": [], "summary": {"covered_lines": 0, "num_statements": 0, "percent_covered": 100.0, "percent_covered_display": "100", "missing_lines": 0, "excluded_lines": 1}, "missing_lines": [], "excluded_lines": [39]}, "": {"executed_lines": [1, 6, 7, 8, 10, 11, 12, 14, 16, 21, 22, 24, 25, 27, 28, 29, 30, 31, 32, 35, 36, 38], "summary": {"covered_lines": 18, "num_statements": 18, "percent_covered": 100.0, "percent_covered_display": "100", "missing_lines": 0, "excluded_lines": 4}, "missing_lines": [], "excluded_lines": [16, 17, 18, 38]}}}, "app/models/code_version.py": {"executed_lines": [1, 6, 7, 8, 10, 11, 12, 14, 16, 20, 21, 23, 24, 26, 27, 28, 29, 30, 31, 34, 36], "summary": {"covered_lines": 17, "num_statements": 17, "percent_covered": 100.0, "percent_covered_display": "100", "missing_lines": 0, "excluded_lines": 4}, "missing_lines": [], "excluded_lines": [16, 17, 36, 37], "functions": {"CodeVersion.__repr__": {"executed_lines": [], "summary": {"covered_lines": 0, "num_statements": 0, "percent_covered": 100.0, "percent_covered_display": "100", "missing_lines": 0, "excluded_lines": 1}, "missing_lines": [], "excluded_lines": [37]}, "": {"executed_lines": [1, 6, 7, 8, 10, 11, 12, 14, 16, 20, 21, 23, 24, 26, 27, 28, 29, 30, 31, 34, 36], "summary": {"covered_lines": 17, "num_statements": 17, "percent_covered": 100.0, "percent_covered_display": "100", "missing_lines": 0, "excluded_lines": 3}, "missing_lines": [], "excluded_lines": [16, 17, 36]}}, "classes": {"CodeVersion": {"executed_lines": [], "summary": {"covered_lines": 0, "num_statements": 0, "percent_covered": 100.0, "percent_covered_display": "100", "missing_lines": 0, "excluded_lines": 1}, "missing_lines": [], "excluded_lines": [37]}, "": {"executed_lines": [1, 6, 7, 8, 10, 11, 12, 14, 16, 20, 21, 23, 24, 26, 27, 28, 29, 30, 31, 34, 36], "summary": {"covered_lines": 17, "num_statements": 17, "percent_covered": 100.0, "percent_covered_display": "100", "missing_lines": 0, "excluded_lines": 3}, "missing_lines": [], "excluded_lines": [16, 17, 36]}}}, "app/models/llm_call.py": {"executed_lines": [1, 6, 7, 8, 10, 11, 12, 14, 16, 20, 21, 23, 24, 26, 27, 28, 29, 30, 31, 32, 35, 37], "summary": {"covered_lines": 18, "num_statements": 18, "percent_covered": 100.0, "percent_covered_display": "100", "missing_lines": 0, "excluded_lines": 4}, "missing_lines": [], "excluded_lines": [16, 17, 37, 38], "functions": {"LLMCall.__repr__": {"executed_lines": [], "summary": {"covered_lines": 0, "num_statements": 0, "percent_covered": 100.0, "percent_covered_display": "100", "missing_lines": 0, "excluded_lines": 1}, "missing_lines": [], "excluded_lines": [38]}, "": {"executed_lines": [1, 6, 7, 8, 10, 11, 12, 14, 16, 20, 21, 23, 24, 26, 27, 28, 29, 30, 31, 32, 35, 37], "summary": {"covered_lines": 18, "num_statements": 18, "percent_covered": 100.0, "percent_covered_display": "100", "missing_lines": 0, "excluded_lines": 3}, "missing_lines": [], "excluded_lines": [16, 17, 37]}}, "classes": {"LLMCall": {"executed_lines": [], "summary": {"covered_lines": 0, "num_statements": 0, "percent_covered": 100.0, "percent_covered_display": "100", "missing_lines": 0, "excluded_lines": 1}, "missing_lines": [], "excluded_lines": [38]}, "": {"executed_lines": [1, 6, 7, 8, 10, 11, 12, 14, 16, 20, 21, 23, 24, 26, 27, 28, 29, 30, 31, 32, 35, 37], "summary": {"covered_lines": 18, "num_statements": 18, "percent_covered": 100.0, "percent_covered_display": "100", "missing_lines": 0, "excluded_lines": 3}, "missing_lines": [], "excluded_lines": [16, 17, 37]}}}, "app/models/project.py": {"executed_lines": [1, 6, 7, 8, 10, 11, 12, 14, 16, 23, 24, 26, 27, 29, 30, 31, 32, 33, 34, 35, 38, 39, 40, 41, 43], "summary": {"covered_lines": 21, "num_statements": 21, "percent_covered": 100.0, "percent_covered_display": "100", "missing_lines": 0, "excluded_lines": 7}, "missing_lines": [], "excluded_lines": [16, 17, 18, 19, 20, 43, 44], "functions": {"Project.__repr__": {"executed_lines": [], "summary": {"covered_lines": 0, "num_statements": 0, "percent_covered": 100.0, "percent_covered_display": "100", "missing_lines": 0, "excluded_lines": 1}, "missing_lines": [], "excluded_lines": [44]}, "": {"executed_lines": [1, 6, 7, 8, 10, 11, 12, 14, 16, 23, 24, 26, 27, 29, 30, 31, 32, 33, 34, 35, 38, 39, 40, 41, 43], "summary": {"covered_lines": 21, "num_statements": 21, "percent_covered": 100.0, "percent_covered_display": "100", "missing_lines": 0, "excluded_lines": 6}, "missing_lines": [], "excluded_lines": [16, 17, 18, 19, 20, 43]}}, "classes": {"Project": {"executed_lines": [], "summary": {"covered_lines": 0, "num_statements": 0, "percent_covered": 100.0, "percent_covered_display": "100", "missing_lines": 0, "excluded_lines": 1}, "missing_lines": [], "excluded_lines": [44]}, "": {"executed_lines": [1, 6, 7, 8, 10, 11, 12, 14, 16, 23, 24, 26, 27, 29, 30, 31, 32, 33, 34, 35, 38, 39, 40, 41, 43], "summary": {"covered_lines": 21, "num_statements": 21, "percent_covered": 100.0, "percent_covered_display": "100", "missing_lines": 0, "excluded_lines": 6}, "missing_lines": [], "excluded_lines": [16, 17, 18, 19, 20, 43]}}}, "app/models/quality_metric.py": {"executed_lines": [1, 6, 7, 8, 10, 11, 12, 14, 16, 20, 21, 23, 24, 26, 27, 28, 29, 30, 31, 32, 35, 37], "summary": {"covered_lines": 18, "num_statements": 18, "percent_covered": 100.0, "percent_covered_display": "100", "missing_lines": 0, "excluded_lines": 4}, "missing_lines": [], "excluded_lines": [16, 17, 37, 38], "functions": {"QualityMetric.__repr__": {"executed_lines": [], "summary": {"covered_lines": 0, "num_statements": 0, "percent_covered": 100.0, "percent_covered_display": "100", "missing_lines": 0, "excluded_lines": 1}, "missing_lines": [], "excluded_lines": [38]}, "": {"executed_lines": [1, 6, 7, 8, 10, 11, 12, 14, 16, 20, 21, 23, 24, 26, 27, 28, 29, 30, 31, 32, 35, 37], "summary": {"covered_lines": 18, "num_statements": 18, "percent_covered": 100.0, "percent_covered_display": "100", "missing_lines": 0, "excluded_lines": 3}, "missing_lines": [], "excluded_lines": [16, 17, 37]}}, "classes": {"QualityMetric": {"executed_lines": [], "summary": {"covered_lines": 0, "num_statements": 0, "percent_covered": 100.0, "percent_covered_display": "100", "missing_lines": 0, "excluded_lines": 1}, "missing_lines": [], "excluded_lines": [38]}, "": {"executed_lines": [1, 6, 7, 8, 10, 11, 12, 14, 16, 20, 21, 23, 24, 26, 27, 28, 29, 30, 31, 32, 35, 37], "summary": {"covered_lines": 18, "num_statements": 18, "percent_covered": 100.0, "percent_covered_display": "100", "missing_lines": 0, "excluded_lines": 3}, "missing_lines": [], "excluded_lines": [16, 17, 37]}}}, "app/models/task.py": {"executed_lines": [1, 6, 7, 8, 10, 11, 12, 14, 16, 21, 22, 24, 25, 27, 28, 29, 30, 31, 32, 33, 36, 37, 39], "summary": {"covered_lines": 19, "num_statements": 19, "percent_covered": 100.0, "percent_covered_display": "100", "missing_lines": 0, "excluded_lines": 5}, "missing_lines": [], "excluded_lines": [16, 17, 18, 39, 40], "functions": {"Task.__repr__": {"executed_lines": [], "summary": {"covered_lines": 0, "num_statements": 0, "percent_covered": 100.0, "percent_covered_display": "100", "missing_lines": 0, "excluded_lines": 1}, "missing_lines": [], "excluded_lines": [40]}, "": {"executed_lines": [1, 6, 7, 8, 10, 11, 12, 14, 16, 21, 22, 24, 25, 27, 28, 29, 30, 31, 32, 33, 36, 37, 39], "summary": {"covered_lines": 19, "num_statements": 19, "percent_covered": 100.0, "percent_covered_display": "100", "missing_lines": 0, "excluded_lines": 4}, "missing_lines": [], "excluded_lines": [16, 17, 18, 39]}}, "classes": {"Task": {"executed_lines": [], "summary": {"covered_lines": 0, "num_statements": 0, "percent_covered": 100.0, "percent_covered_display": "100", "missing_lines": 0, "excluded_lines": 1}, "missing_lines": [], "excluded_lines": [40]}, "": {"executed_lines": [1, 6, 7, 8, 10, 11, 12, 14, 16, 21, 22, 24, 25, 27, 28, 29, 30, 31, 32, 33, 36, 37, 39], "summary": {"covered_lines": 19, "num_statements": 19, "percent_covered": 100.0, "percent_covered_display": "100", "missing_lines": 0, "excluded_lines": 4}, "missing_lines": [], "excluded_lines": [16, 17, 18, 39]}}}, "app/models/user.py": {"executed_lines": [1, 6, 7, 8, 10, 11, 12, 14, 16, 20, 21, 23, 24, 26, 27, 28, 29, 32, 34], "summary": {"covered_lines": 15, "num_statements": 15, "percent_covered": 100.0, "percent_covered_display": "100", "missing_lines": 0, "excluded_lines": 4}, "missing_lines": [], "excluded_lines": [16, 17, 34, 35], "functions": {"User.__repr__": {"executed_lines": [], "summary": {"covered_lines": 0, "num_statements": 0, "percent_covered": 100.0, "percent_covered_display": "100", "missing_lines": 0, "excluded_lines": 1}, "missing_lines": [], "excluded_lines": [35]}, "": {"executed_lines": [1, 6, 7, 8, 10, 11, 12, 14, 16, 20, 21, 23, 24, 26, 27, 28, 29, 32, 34], "summary": {"covered_lines": 15, "num_statements": 15, "percent_covered": 100.0, "percent_covered_display": "100", "missing_lines": 0, "excluded_lines": 3}, "missing_lines": [], "excluded_lines": [16, 17, 34]}}, "classes": {"User": {"executed_lines": [], "summary": {"covered_lines": 0, "num_statements": 0, "percent_covered": 100.0, "percent_covered_display": "100", "missing_lines": 0, "excluded_lines": 1}, "missing_lines": [], "excluded_lines": [35]}, "": {"executed_lines": [1, 6, 7, 8, 10, 11, 12, 14, 16, 20, 21, 23, 24, 26, 27, 28, 29, 32, 34], "summary": {"covered_lines": 15, "num_statements": 15, "percent_covered": 100.0, "percent_covered_display": "100", "missing_lines": 0, "excluded_lines": 3}, "missing_lines": [], "excluded_lines": [16, 17, 34]}}}, "app/repositories/agent_execution_repository.py": {"executed_lines": [1, 6, 7, 8, 10, 12, 15, 16, 18, 25, 27, 39, 42, 43, 44, 45, 47, 57, 59, 69, 71, 82, 84, 98, 99, 100, 101, 102, 104, 105, 106, 108, 118, 119, 120], "summary": {"covered_lines": 33, "num_statements": 33, "percent_covered": 100.0, "percent_covered_display": "100", "missing_lines": 0, "excluded_lines": 0}, "missing_lines": [], "excluded_lines": [], "functions": {"AgentExecutionRepository.__init__": {"executed_lines": [25], "summary": {"covered_lines": 1, "num_statements": 1, "percent_covered": 100.0, "percent_covered_display": "100", "missing_lines": 0, "excluded_lines": 0}, "missing_lines": [], "excluded_lines": []}, "AgentExecutionRepository.create": {"executed_lines": [39, 42, 43, 44, 45], "summary": {"covered_lines": 5, "num_statements": 5, "percent_covered": 100.0, "percent_covered_display": "100", "missing_lines": 0, "excluded_lines": 0}, "missing_lines": [], "excluded_lines": []}, "AgentExecutionRepository.get_by_id": {"executed_lines": [57], "summary": {"covered_lines": 1, "num_statements": 1, "percent_covered": 100.0, "percent_covered_display": "100", "missing_lines": 0, "excluded_lines": 0}, "missing_lines": [], "excluded_lines": []}, "AgentExecutionRepository.get_by_task": {"executed_lines": [69], "summary": {"covered_lines": 1, "num_statements": 1, "percent_covered": 100.0, "percent_covered_display": "100", "missing_lines": 0, "excluded_lines": 0}, "missing_lines": [], "excluded_lines": []}, "AgentExecutionRepository.get_all": {"executed_lines": [82], "summary": {"covered_lines": 1, "num_statements": 1, "percent_covered": 100.0, "percent_covered_display": "100", "missing_lines": 0, "excluded_lines": 0}, "missing_lines": [], "excluded_lines": []}, "AgentExecutionRepository.update_status": {"executed_lines": [98, 99, 100, 101, 102, 104, 105, 106], "summary": {"covered_lines": 8, "num_statements": 8, "percent_covered": 100.0, "percent_covered_display": "100", "missing_lines": 0, "excluded_lines": 0}, "missing_lines": [], "excluded_lines": []}, "AgentExecutionRepository.delete": {"executed_lines": [118, 119, 120], "summary": {"covered_lines": 3, "num_statements": 3, "percent_covered": 100.0, "percent_covered_display": "100", "missing_lines": 0, "excluded_lines": 0}, "missing_lines": [], "excluded_lines": []}, "": {"executed_lines": [1, 6, 7, 8, 10, 12, 15, 16, 18, 27, 47, 59, 71, 84, 108], "summary": {"covered_lines": 13, "num_statements": 13, "percent_covered": 100.0, "percent_covered_display": "100", "missing_lines": 0, "excluded_lines": 0}, "missing_lines": [], "excluded_lines": []}}, "classes": {"AgentExecutionRepository": {"executed_lines": [25, 39, 42, 43, 44, 45, 57, 69, 82, 98, 99, 100, 101, 102, 104, 105, 106, 118, 119, 120], "summary": {"covered_lines": 20, "num_statements": 20, "percent_covered": 100.0, "percent_covered_display": "100", "missing_lines": 0, "excluded_lines": 0}, "missing_lines": [], "excluded_lines": []}, "": {"executed_lines": [1, 6, 7, 8, 10, 12, 15, 16, 18, 27, 47, 59, 71, 84, 108], "summary": {"covered_lines": 13, "num_statements": 13, "percent_covered": 100.0, "percent_covered_display": "100", "missing_lines": 0, "excluded_lines": 0}, "missing_lines": [], "excluded_lines": []}}}, "app/repositories/agent_repository.py": {"executed_lines": [1, 6, 7, 9, 11, 14, 15, 17, 24, 26, 38, 39, 40, 41, 42, 44, 54, 56, 66, 68, 75, 77, 88, 90, 104, 105, 106, 107, 108, 110, 111, 113, 114, 115, 117, 127, 128, 129], "summary": {"covered_lines": 36, "num_statements": 36, "percent_covered": 100.0, "percent_covered_display": "100", "missing_lines": 0, "excluded_lines": 0}, "missing_lines": [], "excluded_lines": [], "functions": {"AgentRepository.__init__": {"executed_lines": [24], "summary": {"covered_lines": 1, "num_statements": 1, "percent_covered": 100.0, "percent_covered_display": "100", "missing_lines": 0, "excluded_lines": 0}, "missing_lines": [], "excluded_lines": []}, "AgentRepository.create": {"executed_lines": [38, 39, 40, 41, 42], "summary": {"covered_lines": 5, "num_statements": 5, "percent_covered": 100.0, "percent_covered_display": "100", "missing_lines": 0, "excluded_lines": 0}, "missing_lines": [], "excluded_lines": []}, "AgentRepository.get_by_id": {"executed_lines": [54], "summary": {"covered_lines": 1, "num_statements": 1, "percent_covered": 100.0, "percent_covered_display": "100", "missing_lines": 0, "excluded_lines": 0}, "missing_lines": [], "excluded_lines": []}, "AgentRepository.get_by_name": {"executed_lines": [66], "summary": {"covered_lines": 1, "num_statements": 1, "percent_covered": 100.0, "percent_covered_display": "100", "missing_lines": 0, "excluded_lines": 0}, "missing_lines": [], "excluded_lines": []}, "AgentRepository.get_all_active": {"executed_lines": [75], "summary": {"covered_lines": 1, "num_statements": 1, "percent_covered": 100.0, "percent_covered_display": "100", "missing_lines": 0, "excluded_lines": 0}, "missing_lines": [], "excluded_lines": []}, "AgentRepository.get_all": {"executed_lines": [88], "summary": {"covered_lines": 1, "num_statements": 1, "percent_covered": 100.0, "percent_covered_display": "100", "missing_lines": 0, "excluded_lines": 0}, "missing_lines": [], "excluded_lines": []}, "AgentRepository.update": {"executed_lines": [104, 105, 106, 107, 108, 110, 111, 113, 114, 115], "summary": {"covered_lines": 10, "num_statements": 10, "percent_covered": 100.0, "percent_covered_display": "100", "missing_lines": 0, "excluded_lines": 0}, "missing_lines": [], "excluded_lines": []}, "AgentRepository.delete": {"executed_lines": [127, 128, 129], "summary": {"covered_lines": 3, "num_statements": 3, "percent_covered": 100.0, "percent_covered_display": "100", "missing_lines": 0, "excluded_lines": 0}, "missing_lines": [], "excluded_lines": []}, "": {"executed_lines": [1, 6, 7, 9, 11, 14, 15, 17, 26, 44, 56, 68, 77, 90, 117], "summary": {"covered_lines": 13, "num_statements": 13, "percent_covered": 100.0, "percent_covered_display": "100", "missing_lines": 0, "excluded_lines": 0}, "missing_lines": [], "excluded_lines": []}}, "classes": {"AgentRepository": {"executed_lines": [24, 38, 39, 40, 41, 42, 54, 66, 75, 88, 104, 105, 106, 107, 108, 110, 111, 113, 114, 115, 127, 128, 129], "summary": {"covered_lines": 23, "num_statements": 23, "percent_covered": 100.0, "percent_covered_display": "100", "missing_lines": 0, "excluded_lines": 0}, "missing_lines": [], "excluded_lines": []}, "": {"executed_lines": [1, 6, 7, 9, 11, 14, 15, 17, 26, 44, 56, 68, 77, 90, 117], "summary": {"covered_lines": 13, "num_statements": 13, "percent_covered": 100.0, "percent_covered_display": "100", "missing_lines": 0, "excluded_lines": 0}, "missing_lines": [], "excluded_lines": []}}}, "app/repositories/code_file_repository.py": {"executed_lines": [1, 6, 7, 8, 10, 12, 15, 16, 18, 25, 27, 40, 41, 42, 43, 44, 46, 56, 58, 69, 71, 81, 83, 96, 110, 111, 112, 114, 124, 125, 126], "summary": {"covered_lines": 29, "num_statements": 30, "percent_covered": 96.66666666666667, "percent_covered_display": "97", "missing_lines": 1, "excluded_lines": 0}, "missing_lines": [94], "excluded_lines": [], "functions": {"CodeFileRepository.__init__": {"executed_lines": [25], "summary": {"covered_lines": 1, "num_statements": 1, "percent_covered": 100.0, "percent_covered_display": "100", "missing_lines": 0, "excluded_lines": 0}, "missing_lines": [], "excluded_lines": []}, "CodeFileRepository.create": {"executed_lines": [40, 41, 42, 43, 44], "summary": {"covered_lines": 5, "num_statements": 5, "percent_covered": 100.0, "percent_covered_display": "100", "missing_lines": 0, "excluded_lines": 0}, "missing_lines": [], "excluded_lines": []}, "CodeFileRepository.get_by_id": {"executed_lines": [56], "summary": {"covered_lines": 1, "num_statements": 1, "percent_covered": 100.0, "percent_covered_display": "100", "missing_lines": 0, "excluded_lines": 0}, "missing_lines": [], "excluded_lines": []}, "CodeFileRepository.get_by_path": {"executed_lines": [69], "summary": {"covered_lines": 1, "num_statements": 1, "percent_covered": 100.0, "percent_covered_display": "100", "missing_lines": 0, "excluded_lines": 0}, "missing_lines": [], "excluded_lines": []}, "CodeFileRepository.list_by_project": {"executed_lines": [81], "summary": {"covered_lines": 1, "num_statements": 1, "percent_covered": 100.0, "percent_covered_display": "100", "missing_lines": 0, "excluded_lines": 0}, "missing_lines": [], "excluded_lines": []}, "CodeFileRepository.get_all": {"executed_lines": [], "summary": {"covered_lines": 0, "num_statements": 1, "percent_covered": 0.0, "percent_covered_display": "0", "missing_lines": 1, "excluded_lines": 0}, "missing_lines": [94], "excluded_lines": []}, "CodeFileRepository.update_content": {"executed_lines": [110, 111, 112], "summary": {"covered_lines": 3, "num_statements": 3, "percent_covered": 100.0, "percent_covered_display": "100", "missing_lines": 0, "excluded_lines": 0}, "missing_lines": [], "excluded_lines": []}, "CodeFileRepository.delete": {"executed_lines": [124, 125, 126], "summary": {"covered_lines": 3, "num_statements": 3, "percent_covered": 100.0, "percent_covered_display": "100", "missing_lines": 0, "excluded_lines": 0}, "missing_lines": [], "excluded_lines": []}, "": {"executed_lines": [1, 6, 7, 8, 10, 12, 15, 16, 18, 27, 46, 58, 71, 83, 96, 114], "summary": {"covered_lines": 14, "num_statements": 14, "percent_covered": 100.0, "percent_covered_display": "100", "missing_lines": 0, "excluded_lines": 0}, "missing_lines": [], "excluded_lines": []}}, "classes": {"CodeFileRepository": {"executed_lines": [25, 40, 41, 42, 43, 44, 56, 69, 81, 110, 111, 112, 124, 125, 126], "summary": {"covered_lines": 15, "num_statements": 16, "percent_covered": 93.75, "percent_covered_display": "94", "missing_lines": 1, "excluded_lines": 0}, "missing_lines": [94], "excluded_lines": []}, "": {"executed_lines": [1, 6, 7, 8, 10, 12, 15, 16, 18, 27, 46, 58, 71, 83, 96, 114], "summary": {"covered_lines": 14, "num_statements": 14, "percent_covered": 100.0, "percent_covered_display": "100", "missing_lines": 0, "excluded_lines": 0}, "missing_lines": [], "excluded_lines": []}}}, "app/repositories/code_version_repository.py": {"executed_lines": [1, 6, 7, 9, 11, 14, 15, 17, 24, 26, 39, 40, 41, 42, 43, 45, 55, 57, 67, 69, 80, 82, 93, 95, 108, 118, 119, 120], "summary": {"covered_lines": 26, "num_statements": 27, "percent_covered": 96.29629629629629, "percent_covered_display": "96", "missing_lines": 1, "excluded_lines": 0}, "missing_lines": [106], "excluded_lines": [], "functions": {"CodeVersionRepository.__init__": {"executed_lines": [24], "summary": {"covered_lines": 1, "num_statements": 1, "percent_covered": 100.0, "percent_covered_display": "100", "missing_lines": 0, "excluded_lines": 0}, "missing_lines": [], "excluded_lines": []}, "CodeVersionRepository.create": {"executed_lines": [39, 40, 41, 42, 43], "summary": {"covered_lines": 5, "num_statements": 5, "percent_covered": 100.0, "percent_covered_display": "100", "missing_lines": 0, "excluded_lines": 0}, "missing_lines": [], "excluded_lines": []}, "CodeVersionRepository.get_by_id": {"executed_lines": [55], "summary": {"covered_lines": 1, "num_statements": 1, "percent_covered": 100.0, "percent_covered_display": "100", "missing_lines": 0, "excluded_lines": 0}, "missing_lines": [], "excluded_lines": []}, "CodeVersionRepository.get_latest": {"executed_lines": [67], "summary": {"covered_lines": 1, "num_statements": 1, "percent_covered": 100.0, "percent_covered_display": "100", "missing_lines": 0, "excluded_lines": 0}, "missing_lines": [], "excluded_lines": []}, "CodeVersionRepository.get_history": {"executed_lines": [80], "summary": {"covered_lines": 1, "num_statements": 1, "percent_covered": 100.0, "percent_covered_display": "100", "missing_lines": 0, "excluded_lines": 0}, "missing_lines": [], "excluded_lines": []}, "CodeVersionRepository.get_by_version_number": {"executed_lines": [93], "summary": {"covered_lines": 1, "num_statements": 1, "percent_covered": 100.0, "percent_covered_display": "100", "missing_lines": 0, "excluded_lines": 0}, "missing_lines": [], "excluded_lines": []}, "CodeVersionRepository.get_all": {"executed_lines": [], "summary": {"covered_lines": 0, "num_statements": 1, "percent_covered": 0.0, "percent_covered_display": "0", "missing_lines": 1, "excluded_lines": 0}, "missing_lines": [106], "excluded_lines": []}, "CodeVersionRepository.delete": {"executed_lines": [118, 119, 120], "summary": {"covered_lines": 3, "num_statements": 3, "percent_covered": 100.0, "percent_covered_display": "100", "missing_lines": 0, "excluded_lines": 0}, "missing_lines": [], "excluded_lines": []}, "": {"executed_lines": [1, 6, 7, 9, 11, 14, 15, 17, 26, 45, 57, 69, 82, 95, 108], "summary": {"covered_lines": 13, "num_statements": 13, "percent_covered": 100.0, "percent_covered_display": "100", "missing_lines": 0, "excluded_lines": 0}, "missing_lines": [], "excluded_lines": []}}, "classes": {"CodeVersionRepository": {"executed_lines": [24, 39, 40, 41, 42, 43, 55, 67, 80, 93, 118, 119, 120], "summary": {"covered_lines": 13, "num_statements": 14, "percent_covered": 92.85714285714286, "percent_covered_display": "93", "missing_lines": 1, "excluded_lines": 0}, "missing_lines": [106], "excluded_lines": []}, "": {"executed_lines": [1, 6, 7, 9, 11, 14, 15, 17, 26, 45, 57, 69, 82, 95, 108], "summary": {"covered_lines": 13, "num_statements": 13, "percent_covered": 100.0, "percent_covered_display": "100", "missing_lines": 0, "excluded_lines": 0}, "missing_lines": [], "excluded_lines": []}}}, "app/repositories/quality_metric_repository.py": {"executed_lines": [1, 6, 7, 8, 10, 12, 15, 16, 18, 25, 27, 50, 58, 59, 60, 61, 63, 73, 75, 85, 87, 98, 100, 113, 123, 124, 125], "summary": {"covered_lines": 25, "num_statements": 26, "percent_covered": 96.15384615384616, "percent_covered_display": "96", "missing_lines": 1, "excluded_lines": 0}, "missing_lines": [111], "excluded_lines": [], "functions": {"QualityMetricRepository.__init__": {"executed_lines": [25], "summary": {"covered_lines": 1, "num_statements": 1, "percent_covered": 100.0, "percent_covered_display": "100", "missing_lines": 0, "excluded_lines": 0}, "missing_lines": [], "excluded_lines": []}, "QualityMetricRepository.create": {"executed_lines": [50, 58, 59, 60, 61], "summary": {"covered_lines": 5, "num_statements": 5, "percent_covered": 100.0, "percent_covered_display": "100", "missing_lines": 0, "excluded_lines": 0}, "missing_lines": [], "excluded_lines": []}, "QualityMetricRepository.get_by_id": {"executed_lines": [73], "summary": {"covered_lines": 1, "num_statements": 1, "percent_covered": 100.0, "percent_covered_display": "100", "missing_lines": 0, "excluded_lines": 0}, "missing_lines": [], "excluded_lines": []}, "QualityMetricRepository.get_latest": {"executed_lines": [85], "summary": {"covered_lines": 1, "num_statements": 1, "percent_covered": 100.0, "percent_covered_display": "100", "missing_lines": 0, "excluded_lines": 0}, "missing_lines": [], "excluded_lines": []}, "QualityMetricRepository.get_history": {"executed_lines": [98], "summary": {"covered_lines": 1, "num_statements": 1, "percent_covered": 100.0, "percent_covered_display": "100", "missing_lines": 0, "excluded_lines": 0}, "missing_lines": [], "excluded_lines": []}, "QualityMetricRepository.get_all": {"executed_lines": [], "summary": {"covered_lines": 0, "num_statements": 1, "percent_covered": 0.0, "percent_covered_display": "0", "missing_lines": 1, "excluded_lines": 0}, "missing_lines": [111], "excluded_lines": []}, "QualityMetricRepository.delete": {"executed_lines": [123, 124, 125], "summary": {"covered_lines": 3, "num_statements": 3, "percent_covered": 100.0, "percent_covered_display": "100", "missing_lines": 0, "excluded_lines": 0}, "missing_lines": [], "excluded_lines": []}, "": {"executed_lines": [1, 6, 7, 8, 10, 12, 15, 16, 18, 27, 63, 75, 87, 100, 113], "summary": {"covered_lines": 13, "num_statements": 13, "percent_covered": 100.0, "percent_covered_display": "100", "missing_lines": 0, "excluded_lines": 0}, "missing_lines": [], "excluded_lines": []}}, "classes": {"QualityMetricRepository": {"executed_lines": [25, 50, 58, 59, 60, 61, 73, 85, 98, 123, 124, 125], "summary": {"covered_lines": 12, "num_statements": 13, "percent_covered": 92.3076923076923, "percent_covered_display": "92", "missing_lines": 1, "excluded_lines": 0}, "missing_lines": [111], "excluded_lines": []}, "": {"executed_lines": [1, 6, 7, 8, 10, 12, 15, 16, 18, 27, 63, 75, 87, 100, 113], "summary": {"covered_lines": 13, "num_statements": 13, "percent_covered": 100.0, "percent_covered_display": "100", "missing_lines": 0, "excluded_lines": 0}, "missing_lines": [], "excluded_lines": []}}}, "app/repositories/task_repository.py": {"executed_lines": [1, 6, 7, 9, 11, 14, 15, 17, 24, 26, 39, 40, 41, 42, 43, 45, 55, 57, 67, 69, 80, 87, 98, 100, 113, 114, 115, 117, 138, 139, 140, 141, 142, 143, 144, 146, 149, 150, 151, 153, 163, 164, 165], "summary": {"covered_lines": 41, "num_statements": 42, "percent_covered": 97.61904761904762, "percent_covered_display": "98", "missing_lines": 1, "excluded_lines": 0}, "missing_lines": [147], "excluded_lines": [], "functions": {"TaskRepository.__init__": {"executed_lines": [24], "summary": {"covered_lines": 1, "num_statements": 1, "percent_covered": 100.0, "percent_covered_display": "100", "missing_lines": 0, "excluded_lines": 0}, "missing_lines": [], "excluded_lines": []}, "TaskRepository.create": {"executed_lines": [39, 40, 41, 42, 43], "summary": {"covered_lines": 5, "num_statements": 5, "percent_covered": 100.0, "percent_covered_display": "100", "missing_lines": 0, "excluded_lines": 0}, "missing_lines": [], "excluded_lines": []}, "TaskRepository.get_by_id": {"executed_lines": [55], "summary": {"covered_lines": 1, "num_statements": 1, "percent_covered": 100.0, "percent_covered_display": "100", "missing_lines": 0, "excluded_lines": 0}, "missing_lines": [], "excluded_lines": []}, "TaskRepository.get_by_project": {"executed_lines": [67], "summary": {"covered_lines": 1, "num_statements": 1, "percent_covered": 100.0, "percent_covered_display": "100", "missing_lines": 0, "excluded_lines": 0}, "missing_lines": [], "excluded_lines": []}, "TaskRepository.get_by_status": {"executed_lines": [80], "summary": {"covered_lines": 1, "num_statements": 1, "percent_covered": 100.0, "percent_covered_display": "100", "missing_lines": 0, "excluded_lines": 0}, "missing_lines": [], "excluded_lines": []}, "TaskRepository.get_all": {"executed_lines": [98], "summary": {"covered_lines": 1, "num_statements": 1, "percent_covered": 100.0, "percent_covered_display": "100", "missing_lines": 0, "excluded_lines": 0}, "missing_lines": [], "excluded_lines": []}, "TaskRepository.update_status": {"executed_lines": [113, 114, 115], "summary": {"covered_lines": 3, "num_statements": 3, "percent_covered": 100.0, "percent_covered_display": "100", "missing_lines": 0, "excluded_lines": 0}, "missing_lines": [], "excluded_lines": []}, "TaskRepository.update": {"executed_lines": [138, 139, 140, 141, 142, 143, 144, 146, 149, 150, 151], "summary": {"covered_lines": 11, "num_statements": 12, "percent_covered": 91.66666666666667, "percent_covered_display": "92", "missing_lines": 1, "excluded_lines": 0}, "missing_lines": [147], "excluded_lines": []}, "TaskRepository.delete": {"executed_lines": [163, 164, 165], "summary": {"covered_lines": 3, "num_statements": 3, "percent_covered": 100.0, "percent_covered_display": "100", "missing_lines": 0, "excluded_lines": 0}, "missing_lines": [], "excluded_lines": []}, "": {"executed_lines": [1, 6, 7, 9, 11, 14, 15, 17, 26, 45, 57, 69, 87, 100, 117, 153], "summary": {"covered_lines": 14, "num_statements": 14, "percent_covered": 100.0, "percent_covered_display": "100", "missing_lines": 0, "excluded_lines": 0}, "missing_lines": [], "excluded_lines": []}}, "classes": {"TaskRepository": {"executed_lines": [24, 39, 40, 41, 42, 43, 55, 67, 80, 98, 113, 114, 115, 138, 139, 140, 141, 142, 143, 144, 146, 149, 150, 151, 163, 164, 165], "summary": {"covered_lines": 27, "num_statements": 28, "percent_covered": 96.42857142857143, "percent_covered_display": "96", "missing_lines": 1, "excluded_lines": 0}, "missing_lines": [147], "excluded_lines": []}, "": {"executed_lines": [1, 6, 7, 9, 11, 14, 15, 17, 26, 45, 57, 69, 87, 100, 117, 153], "summary": {"covered_lines": 14, "num_statements": 14, "percent_covered": 100.0, "percent_covered_display": "100", "missing_lines": 0, "excluded_lines": 0}, "missing_lines": [], "excluded_lines": []}}}, "app/repositories/user_repository.py": {"executed_lines": [1, 6, 7, 9, 11, 14, 15, 17, 24, 26, 37, 38, 39, 40, 41, 43, 53, 55, 65, 67, 78, 80, 93, 94, 95, 97, 107, 108, 109], "summary": {"covered_lines": 27, "num_statements": 27, "percent_covered": 100.0, "percent_covered_display": "100", "missing_lines": 0, "excluded_lines": 0}, "missing_lines": [], "excluded_lines": [], "functions": {"UserRepository.__init__": {"executed_lines": [24], "summary": {"covered_lines": 1, "num_statements": 1, "percent_covered": 100.0, "percent_covered_display": "100", "missing_lines": 0, "excluded_lines": 0}, "missing_lines": [], "excluded_lines": []}, "UserRepository.create": {"executed_lines": [37, 38, 39, 40, 41], "summary": {"covered_lines": 5, "num_statements": 5, "percent_covered": 100.0, "percent_covered_display": "100", "missing_lines": 0, "excluded_lines": 0}, "missing_lines": [], "excluded_lines": []}, "UserRepository.get_by_id": {"executed_lines": [53], "summary": {"covered_lines": 1, "num_statements": 1, "percent_covered": 100.0, "percent_covered_display": "100", "missing_lines": 0, "excluded_lines": 0}, "missing_lines": [], "excluded_lines": []}, "UserRepository.get_by_email": {"executed_lines": [65], "summary": {"covered_lines": 1, "num_statements": 1, "percent_covered": 100.0, "percent_covered_display": "100", "missing_lines": 0, "excluded_lines": 0}, "missing_lines": [], "excluded_lines": []}, "UserRepository.get_all": {"executed_lines": [78], "summary": {"covered_lines": 1, "num_statements": 1, "percent_covered": 100.0, "percent_covered_display": "100", "missing_lines": 0, "excluded_lines": 0}, "missing_lines": [], "excluded_lines": []}, "UserRepository.update": {"executed_lines": [93, 94, 95], "summary": {"covered_lines": 3, "num_statements": 3, "percent_covered": 100.0, "percent_covered_display": "100", "missing_lines": 0, "excluded_lines": 0}, "missing_lines": [], "excluded_lines": []}, "UserRepository.delete": {"executed_lines": [107, 108, 109], "summary": {"covered_lines": 3, "num_statements": 3, "percent_covered": 100.0, "percent_covered_display": "100", "missing_lines": 0, "excluded_lines": 0}, "missing_lines": [], "excluded_lines": []}, "": {"executed_lines": [1, 6, 7, 9, 11, 14, 15, 17, 26, 43, 55, 67, 80, 97], "summary": {"covered_lines": 12, "num_statements": 12, "percent_covered": 100.0, "percent_covered_display": "100", "missing_lines": 0, "excluded_lines": 0}, "missing_lines": [], "excluded_lines": []}}, "classes": {"UserRepository": {"executed_lines": [24, 37, 38, 39, 40, 41, 53, 65, 78, 93, 94, 95, 107, 108, 109], "summary": {"covered_lines": 15, "num_statements": 15, "percent_covered": 100.0, "percent_covered_display": "100", "missing_lines": 0, "excluded_lines": 0}, "missing_lines": [], "excluded_lines": []}, "": {"executed_lines": [1, 6, 7, 9, 11, 14, 15, 17, 26, 43, 55, 67, 80, 97], "summary": {"covered_lines": 12, "num_statements": 12, "percent_covered": 100.0, "percent_covered_display": "100", "missing_lines": 0, "excluded_lines": 0}, "missing_lines": [], "excluded_lines": []}}}, "app/schemas/agent_schema.py": {"executed_lines": [1, 4, 5, 6, 8, 11, 12, 14, 15, 16, 19, 20, 22, 33, 34, 36, 37, 39, 48, 49, 51, 52, 53, 55], "summary": {"covered_lines": 19, "num_statements": 19, "percent_covered": 100.0, "percent_covered_display": "100", "missing_lines": 0, "excluded_lines": 0}, "missing_lines": [], "excluded_lines": [], "functions": {"": {"executed_lines": [1, 4, 5, 6, 8, 11, 12, 14, 15, 16, 19, 20, 22, 33, 34, 36, 37, 39, 48, 49, 51, 52, 53, 55], "summary": {"covered_lines": 19, "num_statements": 19, "percent_covered": 100.0, "percent_covered_display": "100", "missing_lines": 0, "excluded_lines": 0}, "missing_lines": [], "excluded_lines": []}}, "classes": {"AgentBase": {"executed_lines": [], "summary": {"covered_lines": 0, "num_statements": 0, "percent_covered": 100.0, "percent_covered_display": "100", "missing_lines": 0, "excluded_lines": 0}, "missing_lines": [], "excluded_lines": []}, "AgentCreate": {"executed_lines": [], "summary": {"covered_lines": 0, "num_statements": 0, "percent_covered": 100.0, "percent_covered_display": "100", "missing_lines": 0, "excluded_lines": 0}, "missing_lines": [], "excluded_lines": []}, "AgentUpdate": {"executed_lines": [], "summary": {"covered_lines": 0, "num_statements": 0, "percent_covered": 100.0, "percent_covered_display": "100", "missing_lines": 0, "excluded_lines": 0}, "missing_lines": [], "excluded_lines": []}, "AgentResponse": {"executed_lines": [], "summary": {"covered_lines": 0, "num_statements": 0, "percent_covered": 100.0, "percent_covered_display": "100", "missing_lines": 0, "excluded_lines": 0}, "missing_lines": [], "excluded_lines": []}, "": {"executed_lines": [1, 4, 5, 6, 8, 11, 12, 14, 15, 16, 19, 20, 22, 33, 34, 36, 37, 39, 48, 49, 51, 52, 53, 55], "summary": {"covered_lines": 19, "num_statements": 19, "percent_covered": 100.0, "percent_covered_display": "100", "missing_lines": 0, "excluded_lines": 0}, "missing_lines": [], "excluded_lines": []}}}, "app/schemas/code_file_schema.py": {"executed_lines": [1, 4, 5, 7, 10, 11, 13, 14, 17, 18, 20, 21, 23, 35, 36, 38, 39, 41, 51, 52, 54, 55, 56, 57, 59], "summary": {"covered_lines": 20, "num_statements": 20, "percent_covered": 100.0, "percent_covered_display": "100", "missing_lines": 0, "excluded_lines": 0}, "missing_lines": [], "excluded_lines": [], "functions": {"": {"executed_lines": [1, 4, 5, 7, 10, 11, 13, 14, 17, 18, 20, 21, 23, 35, 36, 38, 39, 41, 51, 52, 54, 55, 56, 57, 59], "summary": {"covered_lines": 20, "num_statements": 20, "percent_covered": 100.0, "percent_covered_display": "100", "missing_lines": 0, "excluded_lines": 0}, "missing_lines": [], "excluded_lines": []}}, "classes": {"CodeFileBase": {"executed_lines": [], "summary": {"covered_lines": 0, "num_statements": 0, "percent_covered": 100.0, "percent_covered_display": "100", "missing_lines": 0, "excluded_lines": 0}, "missing_lines": [], "excluded_lines": []}, "CodeFileCreate": {"executed_lines": [], "summary": {"covered_lines": 0, "num_statements": 0, "percent_covered": 100.0, "percent_covered_display": "100", "missing_lines": 0, "excluded_lines": 0}, "missing_lines": [], "excluded_lines": []}, "CodeFileUpdate": {"executed_lines": [], "summary": {"covered_lines": 0, "num_statements": 0, "percent_covered": 100.0, "percent_covered_display": "100", "missing_lines": 0, "excluded_lines": 0}, "missing_lines": [], "excluded_lines": []}, "CodeFileResponse": {"executed_lines": [], "summary": {"covered_lines": 0, "num_statements": 0, "percent_covered": 100.0, "percent_covered_display": "100", "missing_lines": 0, "excluded_lines": 0}, "missing_lines": [], "excluded_lines": []}, "": {"executed_lines": [1, 4, 5, 7, 10, 11, 13, 14, 17, 18, 20, 21, 23, 35, 36, 38, 39, 41, 51, 52, 54, 55, 56, 57, 59], "summary": {"covered_lines": 20, "num_statements": 20, "percent_covered": 100.0, "percent_covered_display": "100", "missing_lines": 0, "excluded_lines": 0}, "missing_lines": [], "excluded_lines": []}}}, "app/schemas/execution_schema.py": {"executed_lines": [1, 4, 5, 6, 8, 11, 12, 14, 15, 16, 18, 29, 30, 32, 33, 35, 45, 46, 48, 49, 50, 51, 52, 53, 54, 56], "summary": {"covered_lines": 22, "num_statements": 22, "percent_covered": 100.0, "percent_covered_display": "100", "missing_lines": 0, "excluded_lines": 0}, "missing_lines": [], "excluded_lines": [], "functions": {"": {"executed_lines": [1, 4, 5, 6, 8, 11, 12, 14, 15, 16, 18, 29, 30, 32, 33, 35, 45, 46, 48, 49, 50, 51, 52, 53, 54, 56], "summary": {"covered_lines": 22, "num_statements": 22, "percent_covered": 100.0, "percent_covered_display": "100", "missing_lines": 0, "excluded_lines": 0}, "missing_lines": [], "excluded_lines": []}}, "classes": {"ExecutionCreate": {"executed_lines": [], "summary": {"covered_lines": 0, "num_statements": 0, "percent_covered": 100.0, "percent_covered_display": "100", "missing_lines": 0, "excluded_lines": 0}, "missing_lines": [], "excluded_lines": []}, "ExecutionStatusUpdate": {"executed_lines": [], "summary": {"covered_lines": 0, "num_statements": 0, "percent_covered": 100.0, "percent_covered_display": "100", "missing_lines": 0, "excluded_lines": 0}, "missing_lines": [], "excluded_lines": []}, "ExecutionResponse": {"executed_lines": [], "summary": {"covered_lines": 0, "num_statements": 0, "percent_covered": 100.0, "percent_covered_display": "100", "missing_lines": 0, "excluded_lines": 0}, "missing_lines": [], "excluded_lines": []}, "": {"executed_lines": [1, 4, 5, 6, 8, 11, 12, 14, 15, 16, 18, 29, 30, 32, 33, 35, 45, 46, 48, 49, 50, 51, 52, 53, 54, 56], "summary": {"covered_lines": 22, "num_statements": 22, "percent_covered": 100.0, "percent_covered_display": "100", "missing_lines": 0, "excluded_lines": 0}, "missing_lines": [], "excluded_lines": []}}}, "app/schemas/quality_schema.py": {"executed_lines": [1, 4, 5, 7, 10, 11, 13, 14, 15, 16, 17, 19, 32, 33, 35, 36, 37, 38, 39, 40, 41, 43], "summary": {"covered_lines": 19, "num_statements": 19, "percent_covered": 100.0, "percent_covered_display": "100", "missing_lines": 0, "excluded_lines": 0}, "missing_lines": [], "excluded_lines": [], "functions": {"": {"executed_lines": [1, 4, 5, 7, 10, 11, 13, 14, 15, 16, 17, 19, 32, 33, 35, 36, 37, 38, 39, 40, 41, 43], "summary": {"covered_lines": 19, "num_statements": 19, "percent_covered": 100.0, "percent_covered_display": "100", "missing_lines": 0, "excluded_lines": 0}, "missing_lines": [], "excluded_lines": []}}, "classes": {"QualityMetricCreate": {"executed_lines": [], "summary": {"covered_lines": 0, "num_statements": 0, "percent_covered": 100.0, "percent_covered_display": "100", "missing_lines": 0, "excluded_lines": 0}, "missing_lines": [], "excluded_lines": []}, "QualityMetricResponse": {"executed_lines": [], "summary": {"covered_lines": 0, "num_statements": 0, "percent_covered": 100.0, "percent_covered_display": "100", "missing_lines": 0, "excluded_lines": 0}, "missing_lines": [], "excluded_lines": []}, "": {"executed_lines": [1, 4, 5, 7, 10, 11, 13, 14, 15, 16, 17, 19, 32, 33, 35, 36, 37, 38, 39, 40, 41, 43], "summary": {"covered_lines": 19, "num_statements": 19, "percent_covered": 100.0, "percent_covered_display": "100", "missing_lines": 0, "excluded_lines": 0}, "missing_lines": [], "excluded_lines": []}}}, "app/schemas/task_schema.py": {"executed_lines": [1, 4, 5, 6, 8, 11, 12, 14, 15, 16, 19, 20, 22, 24, 36, 37, 39, 40, 41, 43, 52, 53, 55, 57, 66, 67, 69, 70, 71, 72, 74], "summary": {"covered_lines": 25, "num_statements": 25, "percent_covered": 100.0, "percent_covered_display": "100", "missing_lines": 0, "excluded_lines": 0}, "missing_lines": [], "excluded_lines": [], "functions": {"": {"executed_lines": [1, 4, 5, 6, 8, 11, 12, 14, 15, 16, 19, 20, 22, 24, 36, 37, 39, 40, 41, 43, 52, 53, 55, 57, 66, 67, 69, 70, 71, 72, 74], "summary": {"covered_lines": 25, "num_statements": 25, "percent_covered": 100.0, "percent_covered_display": "100", "missing_lines": 0, "excluded_lines": 0}, "missing_lines": [], "excluded_lines": []}}, "classes": {"TaskBase": {"executed_lines": [], "summary": {"covered_lines": 0, "num_statements": 0, "percent_covered": 100.0, "percent_covered_display": "100", "missing_lines": 0, "excluded_lines": 0}, "missing_lines": [], "excluded_lines": []}, "TaskCreate": {"executed_lines": [], "summary": {"covered_lines": 0, "num_statements": 0, "percent_covered": 100.0, "percent_covered_display": "100", "missing_lines": 0, "excluded_lines": 0}, "missing_lines": [], "excluded_lines": []}, "TaskUpdate": {"executed_lines": [], "summary": {"covered_lines": 0, "num_statements": 0, "percent_covered": 100.0, "percent_covered_display": "100", "missing_lines": 0, "excluded_lines": 0}, "missing_lines": [], "excluded_lines": []}, "TaskStatusUpdate": {"executed_lines": [], "summary": {"covered_lines": 0, "num_statements": 0, "percent_covered": 100.0, "percent_covered_display": "100", "missing_lines": 0, "excluded_lines": 0}, "missing_lines": [], "excluded_lines": []}, "TaskResponse": {"executed_lines": [], "summary": {"covered_lines": 0, "num_statements": 0, "percent_covered": 100.0, "percent_covered_display": "100", "missing_lines": 0, "excluded_lines": 0}, "missing_lines": [], "excluded_lines": []}, "": {"executed_lines": [1, 4, 5, 6, 8, 11, 12, 14, 15, 16, 19, 20, 22, 24, 36, 37, 39, 40, 41, 43, 52, 53, 55, 57, 66, 67, 69, 70, 71, 72, 74], "summary": {"covered_lines": 25, "num_statements": 25, "percent_covered": 100.0, "percent_covered_display": "100", "missing_lines": 0, "excluded_lines": 0}, "missing_lines": [], "excluded_lines": []}}}, "app/schemas/user_schema.py": {"executed_lines": [1, 4, 5, 6, 8, 11, 12, 14, 15, 18, 19, 21, 31, 32, 34, 35, 37, 46, 47, 49, 50, 52], "summary": {"covered_lines": 17, "num_statements": 17, "percent_covered": 100.0, "percent_covered_display": "100", "missing_lines": 0, "excluded_lines": 0}, "missing_lines": [], "excluded_lines": [], "functions": {"": {"executed_lines": [1, 4, 5, 6, 8, 11, 12, 14, 15, 18, 19, 21, 31, 32, 34, 35, 37, 46, 47, 49, 50, 52], "summary": {"covered_lines": 17, "num_statements": 17, "percent_covered": 100.0, "percent_covered_display": "100", "missing_lines": 0, "excluded_lines": 0}, "missing_lines": [], "excluded_lines": []}}, "classes": {"UserBase": {"executed_lines": [], "summary": {"covered_lines": 0, "num_statements": 0, "percent_covered": 100.0, "percent_covered_display": "100", "missing_lines": 0, "excluded_lines": 0}, "missing_lines": [], "excluded_lines": []}, "UserCreate": {"executed_lines": [], "summary": {"covered_lines": 0, "num_statements": 0, "percent_covered": 100.0, "percent_covered_display": "100", "missing_lines": 0, "excluded_lines": 0}, "missing_lines": [], "excluded_lines": []}, "UserUpdate": {"executed_lines": [], "summary": {"covered_lines": 0, "num_statements": 0, "percent_covered": 100.0, "percent_covered_display": "100", "missing_lines": 0, "excluded_lines": 0}, "missing_lines": [], "excluded_lines": []}, "UserResponse": {"executed_lines": [], "summary": {"covered_lines": 0, "num_statements": 0, "percent_covered": 100.0, "percent_covered_display": "100", "missing_lines": 0, "excluded_lines": 0}, "missing_lines": [], "excluded_lines": []}, "": {"executed_lines": [1, 4, 5, 6, 8, 11, 12, 14, 15, 18, 19, 21, 31, 32, 34, 35, 37, 46, 47, 49, 50, 52], "summary": {"covered_lines": 17, "num_statements": 17, "percent_covered": 100.0, "percent_covered_display": "100", "missing_lines": 0, "excluded_lines": 0}, "missing_lines": [], "excluded_lines": []}}}}, "totals": {"covered_lines": 1106, "num_statements": 1212, "percent_covered": 91.25412541254126, "percent_covered_display": "91", "missing_lines": 106, "excluded_lines": 45}}
